investment_bot | INFO 2023-07-28 02:08:10,803 Watching for file changes with StatReloader
investment_bot | INFO 2023-07-28 02:08:10,803 Watching for file changes with StatReloader
investment_bot | INFO 2023-07-28 02:08:23,779 Watching for file changes with StatReloader
investment_bot | INFO 2023-07-28 02:08:23,779 Watching for file changes with StatReloader
investment_bot | INFO 2023-07-28 02:08:31,497 "GET /admin/ HTTP/1.1" 302 0
investment_bot | INFO 2023-07-28 02:08:31,497 "GET /admin/ HTTP/1.1" 302 0
investment_bot | INFO 2023-07-28 02:08:31,517 "GET /admin/login/?next=/admin/ HTTP/1.1" 200 4181
investment_bot | INFO 2023-07-28 02:08:31,517 "GET /admin/login/?next=/admin/ HTTP/1.1" 200 4181
investment_bot | INFO 2023-07-28 02:08:39,499 "POST /admin/login/?next=/admin/ HTTP/1.1" 302 0
investment_bot | INFO 2023-07-28 02:08:39,499 "POST /admin/login/?next=/admin/ HTTP/1.1" 302 0
investment_bot | INFO 2023-07-28 02:08:39,511 "GET /admin/ HTTP/1.1" 200 11855
investment_bot | INFO 2023-07-28 02:08:39,511 "GET /admin/ HTTP/1.1" 200 11855
investment_bot | INFO 2023-07-28 02:08:39,530 "GET /static/admin/css/dashboard.css HTTP/1.1" 200 441
investment_bot | INFO 2023-07-28 02:08:39,530 "GET /static/admin/css/dashboard.css HTTP/1.1" 200 441
investment_bot | INFO 2023-07-28 02:08:39,538 "GET /static/admin/img/icon-addlink.svg HTTP/1.1" 200 331
investment_bot | INFO 2023-07-28 02:08:39,538 "GET /static/admin/img/icon-addlink.svg HTTP/1.1" 200 331
investment_bot | INFO 2023-07-28 02:08:39,541 "GET /static/admin/img/icon-changelink.svg HTTP/1.1" 200 380
investment_bot | INFO 2023-07-28 02:08:39,541 "GET /static/admin/img/icon-changelink.svg HTTP/1.1" 200 380
investment_bot | INFO 2023-07-28 02:08:44,527 "GET /admin/chatbot/botbuttonclick/ HTTP/1.1" 200 11530
investment_bot | INFO 2023-07-28 02:08:44,527 "GET /admin/chatbot/botbuttonclick/ HTTP/1.1" 200 11530
investment_bot | INFO 2023-07-28 02:08:44,550 "GET /static/admin/css/changelists.css HTTP/1.1" 200 6584
investment_bot | INFO 2023-07-28 02:08:44,550 "GET /static/admin/css/changelists.css HTTP/1.1" 200 6584
investment_bot | INFO 2023-07-28 02:08:44,561 "GET /static/admin/js/jquery.init.js HTTP/1.1" 200 347
investment_bot | INFO 2023-07-28 02:08:44,565 "GET /static/admin/js/admin/RelatedObjectLookups.js HTTP/1.1" 200 8943
investment_bot | INFO 2023-07-28 02:08:44,565 "GET /static/admin/js/admin/RelatedObjectLookups.js HTTP/1.1" 200 8943
investment_bot | INFO 2023-07-28 02:08:44,561 "GET /static/admin/js/jquery.init.js HTTP/1.1" 200 347
investment_bot | INFO 2023-07-28 02:08:44,566 "GET /static/admin/js/core.js HTTP/1.1" 200 5682
investment_bot | INFO 2023-07-28 02:08:44,566 "GET /static/admin/js/core.js HTTP/1.1" 200 5682
investment_bot | INFO 2023-07-28 02:08:44,573 "GET /admin/jsi18n/ HTTP/1.1" 200 5755
investment_bot | INFO 2023-07-28 02:08:44,573 "GET /admin/jsi18n/ HTTP/1.1" 200 5755
investment_bot | INFO 2023-07-28 02:08:44,574 "GET /static/admin/js/prepopulate.js HTTP/1.1" 200 1531
investment_bot | INFO 2023-07-28 02:08:44,574 "GET /static/admin/js/urlify.js HTTP/1.1" 200 7887
investment_bot | INFO 2023-07-28 02:08:44,574 "GET /static/admin/js/urlify.js HTTP/1.1" 200 7887
investment_bot | INFO 2023-07-28 02:08:44,574 "GET /static/admin/js/prepopulate.js HTTP/1.1" 200 1531
investment_bot | INFO 2023-07-28 02:08:44,576 "GET /static/admin/js/actions.js HTTP/1.1" 200 7872
investment_bot | INFO 2023-07-28 02:08:44,576 "GET /static/admin/js/actions.js HTTP/1.1" 200 7872
investment_bot | INFO 2023-07-28 02:08:44,581 "GET /static/admin/js/vendor/xregexp/xregexp.js HTTP/1.1" 200 232381
investment_bot | INFO 2023-07-28 02:08:44,581 "GET /static/admin/js/vendor/xregexp/xregexp.js HTTP/1.1" 200 232381
investment_bot | INFO 2023-07-28 02:08:44,582 "GET /static/admin/js/vendor/jquery/jquery.js HTTP/1.1" 200 292458
investment_bot | INFO 2023-07-28 02:08:44,582 "GET /static/admin/js/vendor/jquery/jquery.js HTTP/1.1" 200 292458
investment_bot | INFO 2023-07-28 02:08:44,585 "GET /static/admin/js/filters.js HTTP/1.1" 200 978
investment_bot | INFO 2023-07-28 02:08:44,585 "GET /static/admin/js/filters.js HTTP/1.1" 200 978
investment_bot | INFO 2023-07-28 02:08:44,595 "GET /static/admin/img/tooltag-add.svg HTTP/1.1" 200 331
investment_bot | INFO 2023-07-28 02:08:44,595 "GET /static/admin/img/tooltag-add.svg HTTP/1.1" 200 331
investment_bot | INFO 2023-07-28 02:08:46,543 "GET /admin/chatbot/newsfeedbuttonclick/ HTTP/1.1" 200 11565
investment_bot | INFO 2023-07-28 02:08:46,543 "GET /admin/chatbot/newsfeedbuttonclick/ HTTP/1.1" 200 11565
investment_bot | INFO 2023-07-28 02:08:46,564 "GET /admin/jsi18n/ HTTP/1.1" 200 5755
investment_bot | INFO 2023-07-28 02:08:46,564 "GET /admin/jsi18n/ HTTP/1.1" 200 5755
investment_bot | INFO 2023-07-28 02:08:50,692 "GET /admin/chatbot/condition/ HTTP/1.1" 200 12644
investment_bot | INFO 2023-07-28 02:08:50,692 "GET /admin/chatbot/condition/ HTTP/1.1" 200 12644
investment_bot | INFO 2023-07-28 02:08:50,713 "GET /admin/jsi18n/ HTTP/1.1" 200 5755
investment_bot | INFO 2023-07-28 02:08:50,713 "GET /admin/jsi18n/ HTTP/1.1" 200 5755
investment_bot | INFO 2023-07-28 02:08:54,684 "POST /admin/chatbot/condition/ HTTP/1.1" 302 0
investment_bot | INFO 2023-07-28 02:08:54,684 "POST /admin/chatbot/condition/ HTTP/1.1" 302 0
investment_bot | INFO 2023-07-28 02:08:54,715 "GET /admin/chatbot/condition/ HTTP/1.1" 200 12769
investment_bot | INFO 2023-07-28 02:08:54,715 "GET /admin/chatbot/condition/ HTTP/1.1" 200 12769
investment_bot | INFO 2023-07-28 02:08:54,742 "GET /admin/jsi18n/ HTTP/1.1" 200 5755
investment_bot | INFO 2023-07-28 02:08:54,742 "GET /admin/jsi18n/ HTTP/1.1" 200 5755
investment_bot | INFO 2023-07-28 02:08:54,755 "GET /static/admin/img/icon-alert.svg HTTP/1.1" 200 504
investment_bot | INFO 2023-07-28 02:08:54,755 "GET /static/admin/img/icon-alert.svg HTTP/1.1" 200 504
investment_bot | INFO 2023-07-28 02:08:56,045 "GET /admin/chatbot/condition/1/change/ HTTP/1.1" 200 12359
investment_bot | INFO 2023-07-28 02:08:56,045 "GET /admin/chatbot/condition/1/change/ HTTP/1.1" 200 12359
investment_bot | INFO 2023-07-28 02:08:56,062 "GET /static/admin/css/forms.css HTTP/1.1" 200 8953
investment_bot | INFO 2023-07-28 02:08:56,062 "GET /static/admin/css/forms.css HTTP/1.1" 200 8953
investment_bot | INFO 2023-07-28 02:08:56,067 "GET /static/admin/js/prepopulate_init.js HTTP/1.1" 200 586
investment_bot | INFO 2023-07-28 02:08:56,067 "GET /static/admin/js/prepopulate_init.js HTTP/1.1" 200 586
investment_bot | INFO 2023-07-28 02:08:56,073 "GET /admin/jsi18n/ HTTP/1.1" 200 5755
investment_bot | INFO 2023-07-28 02:08:56,073 "GET /admin/jsi18n/ HTTP/1.1" 200 5755
investment_bot | INFO 2023-07-28 02:08:56,078 "GET /static/admin/css/widgets.css HTTP/1.1" 200 11900
investment_bot | INFO 2023-07-28 02:08:56,078 "GET /static/admin/css/widgets.css HTTP/1.1" 200 11900
investment_bot | INFO 2023-07-28 02:08:56,079 "GET /static/admin/js/change_form.js HTTP/1.1" 200 606
investment_bot | INFO 2023-07-28 02:08:56,079 "GET /static/admin/js/change_form.js HTTP/1.1" 200 606
investment_bot | INFO 2023-07-28 02:08:58,053 "POST /admin/chatbot/condition/1/change/ HTTP/1.1" 302 0
investment_bot | INFO 2023-07-28 02:08:58,053 "POST /admin/chatbot/condition/1/change/ HTTP/1.1" 302 0
investment_bot | INFO 2023-07-28 02:08:58,082 "GET /admin/chatbot/condition/ HTTP/1.1" 200 12854
investment_bot | INFO 2023-07-28 02:08:58,082 "GET /admin/chatbot/condition/ HTTP/1.1" 200 12854
investment_bot | INFO 2023-07-28 02:08:58,107 "GET /admin/jsi18n/ HTTP/1.1" 200 5755
investment_bot | INFO 2023-07-28 02:08:58,107 "GET /admin/jsi18n/ HTTP/1.1" 200 5755
investment_bot | INFO 2023-07-28 02:08:58,121 "GET /static/admin/img/icon-yes.svg HTTP/1.1" 200 436
investment_bot | INFO 2023-07-28 02:08:58,121 "GET /static/admin/img/icon-yes.svg HTTP/1.1" 200 436
investment_bot | INFO 2023-07-28 02:09:00,552 "GET /admin/chatbot/condition/1/change/ HTTP/1.1" 200 12359
investment_bot | INFO 2023-07-28 02:09:00,552 "GET /admin/chatbot/condition/1/change/ HTTP/1.1" 200 12359
investment_bot | INFO 2023-07-28 02:09:00,581 "GET /admin/jsi18n/ HTTP/1.1" 200 5755
investment_bot | INFO 2023-07-28 02:09:00,581 "GET /admin/jsi18n/ HTTP/1.1" 200 5755
investment_bot | INFO 2023-07-28 02:09:01,920 "POST /admin/chatbot/condition/1/change/ HTTP/1.1" 302 0
investment_bot | INFO 2023-07-28 02:09:01,920 "POST /admin/chatbot/condition/1/change/ HTTP/1.1" 302 0
investment_bot | INFO 2023-07-28 02:09:01,946 "GET /admin/chatbot/condition/ HTTP/1.1" 200 12854
investment_bot | INFO 2023-07-28 02:09:01,946 "GET /admin/chatbot/condition/ HTTP/1.1" 200 12854
investment_bot | INFO 2023-07-28 02:09:01,975 "GET /admin/jsi18n/ HTTP/1.1" 200 5755
investment_bot | INFO 2023-07-28 02:09:01,975 "GET /admin/jsi18n/ HTTP/1.1" 200 5755
investment_bot | INFO 2023-07-28 02:18:36,286 Watching for file changes with StatReloader
investment_bot | INFO 2023-07-28 02:18:36,286 Watching for file changes with StatReloader
investment_bot | INFO 2023-07-28 02:18:43,158 "GET /?PROLIFIC_PID=TEST HTTP/1.1" 200 2498
investment_bot | INFO 2023-07-28 02:18:43,158 "GET /?PROLIFIC_PID=TEST HTTP/1.1" 200 2498
investment_bot | INFO 2023-07-28 02:18:43,181 "GET /static/chatbot/js/welcome.js HTTP/1.1" 200 2167
investment_bot | INFO 2023-07-28 02:18:43,181 "GET /static/chatbot/js/welcome.js HTTP/1.1" 200 2167
investment_bot | INFO 2023-07-28 02:18:45,178 "POST /participants/ HTTP/1.1" 200 335
investment_bot | INFO 2023-07-28 02:18:45,178 "POST /participants/ HTTP/1.1" 200 335
investment_bot | INFO 2023-07-28 02:18:45,199 "GET /information/ HTTP/1.1" 200 7061
investment_bot | INFO 2023-07-28 02:18:45,199 "GET /information/ HTTP/1.1" 200 7061
investment_bot | INFO 2023-07-28 02:18:46,963 "GET /consent/ HTTP/1.1" 200 4775
investment_bot | INFO 2023-07-28 02:18:46,963 "GET /consent/ HTTP/1.1" 200 4775
investment_bot | INFO 2023-07-28 02:18:50,213 "GET /instructions/ HTTP/1.1" 200 3720
investment_bot | INFO 2023-07-28 02:18:50,213 "GET /instructions/ HTTP/1.1" 200 3720
investment_bot | INFO 2023-07-28 02:18:55,469 "GET /investment/ HTTP/1.1" 200 22039
investment_bot | INFO 2023-07-28 02:18:55,469 "GET /investment/ HTTP/1.1" 200 22039
investment_bot | INFO 2023-07-28 02:18:55,495 "GET /static/chatbot/css/style.css HTTP/1.1" 200 10413
investment_bot | INFO 2023-07-28 02:18:55,495 "GET /static/chatbot/css/style.css HTTP/1.1" 200 10413
investment_bot | INFO 2023-07-28 02:18:55,499 "GET /static/imagetagging/js/imagetagging.js HTTP/1.1" 200 4111
investment_bot | INFO 2023-07-28 02:18:55,499 "GET /static/imagetagging/js/imagetagging.js HTTP/1.1" 200 4111
investment_bot | INFO 2023-07-28 02:18:55,500 "GET /static/chatbot/js/chat.js HTTP/1.1" 200 9951
investment_bot | INFO 2023-07-28 02:18:55,500 "GET /static/chatbot/js/chat.js HTTP/1.1" 200 9951
investment_bot | INFO 2023-07-28 02:18:55,500 "GET /static/chatbot/js/chatbot.js HTTP/1.1" 200 17586
investment_bot | INFO 2023-07-28 02:18:55,500 "GET /static/chatbot/js/chatbot.js HTTP/1.1" 200 17586
investment_bot | INFO 2023-07-28 02:18:55,517 "GET /getconditionactive/ HTTP/1.1" 200 26
investment_bot | INFO 2023-07-28 02:18:55,517 "GET /getconditionactive/ HTTP/1.1" 200 26
investment_bot | INFO 2023-07-28 02:18:55,528 "user": "2", "view": "image_task", "GET": {}
investment_bot | INFO 2023-07-28 02:18:55,528 "user": "2", "view": "image_task", "GET": {}
investment_bot | INFO 2023-07-28 02:18:55,531 "GET /imagetagging/image-task/ HTTP/1.1" 200 153
investment_bot | INFO 2023-07-28 02:18:55,531 "GET /imagetagging/image-task/ HTTP/1.1" 200 153
investment_bot | INFO 2023-07-28 02:19:11,521 "POST /chatbotproxy/ HTTP/1.1" 200 166
investment_bot | INFO 2023-07-28 02:19:11,521 "POST /chatbotproxy/ HTTP/1.1" 200 166
investment_bot | INFO 2023-07-28 02:19:11,530 "GET /getnextchanges/ HTTP/1.1" 200 810
investment_bot | INFO 2023-07-28 02:19:11,530 "GET /getnextchanges/ HTTP/1.1" 200 810
investment_bot | INFO 2023-07-28 02:19:12,750 "GET /updatebalances/ HTTP/1.1" 200 74
investment_bot | INFO 2023-07-28 02:19:12,750 "GET /updatebalances/ HTTP/1.1" 200 74
investment_bot | INFO 2023-07-28 02:19:12,752 "POST /storebotmessage/ HTTP/1.1" 200 0
investment_bot | INFO 2023-07-28 02:19:12,752 "POST /storebotmessage/ HTTP/1.1" 200 0
investment_bot | INFO 2023-07-28 02:19:12,766 "GET /investment/ HTTP/1.1" 200 22039
investment_bot | INFO 2023-07-28 02:19:12,766 "GET /investment/ HTTP/1.1" 200 22039
investment_bot | INFO 2023-07-28 02:19:13,524 "POST /newsfeedbuttonclick/ HTTP/1.1" 200 25
investment_bot | INFO 2023-07-28 02:19:13,524 "POST /newsfeedbuttonclick/ HTTP/1.1" 200 25
investment_bot | INFO 2023-07-28 02:19:20,087 "POST /botbuttonclick/ HTTP/1.1" 200 25
investment_bot | INFO 2023-07-28 02:19:20,087 "POST /botbuttonclick/ HTTP/1.1" 200 25
investment_bot | INFO 2023-07-28 02:19:27,535 "POST /chatbotproxy/ HTTP/1.1" 200 259
investment_bot | INFO 2023-07-28 02:19:27,535 "POST /chatbotproxy/ HTTP/1.1" 200 259
investment_bot | INFO 2023-07-28 02:19:32,186 "POST /storebotmessage/ HTTP/1.1" 200 0
investment_bot | INFO 2023-07-28 02:19:32,186 "POST /storebotmessage/ HTTP/1.1" 200 0
investment_bot | INFO 2023-07-28 02:19:32,193 "GET /updatebalances/ HTTP/1.1" 200 74
investment_bot | INFO 2023-07-28 02:19:32,193 "GET /updatebalances/ HTTP/1.1" 200 74
investment_bot | INFO 2023-07-28 02:19:32,196 "GET /investment/ HTTP/1.1" 200 22039
investment_bot | INFO 2023-07-28 02:19:32,196 "GET /investment/ HTTP/1.1" 200 22039
investment_bot | INFO 2023-07-28 02:19:34,552 "GET /getnextchanges/ HTTP/1.1" 200 810
investment_bot | INFO 2023-07-28 02:19:34,552 "GET /getnextchanges/ HTTP/1.1" 200 810
investment_bot | INFO 2023-07-28 02:19:42,441 "POST /chatbotproxy/ HTTP/1.1" 200 243
investment_bot | INFO 2023-07-28 02:19:42,441 "POST /chatbotproxy/ HTTP/1.1" 200 243
investment_bot | INFO 2023-07-28 02:19:44,126 "POST /storebotmessage/ HTTP/1.1" 200 0
investment_bot | INFO 2023-07-28 02:19:44,126 "POST /storebotmessage/ HTTP/1.1" 200 0
investment_bot | INFO 2023-07-28 02:19:44,132 "GET /updatebalances/ HTTP/1.1" 200 74
investment_bot | INFO 2023-07-28 02:19:44,132 "GET /updatebalances/ HTTP/1.1" 200 74
investment_bot | INFO 2023-07-28 02:19:44,147 "GET /investment/ HTTP/1.1" 200 22039
investment_bot | INFO 2023-07-28 02:19:44,147 "GET /investment/ HTTP/1.1" 200 22039
investment_bot | INFO 2023-07-28 02:19:50,381 "POST /chatbotproxy/ HTTP/1.1" 200 344
investment_bot | INFO 2023-07-28 02:19:50,381 "POST /chatbotproxy/ HTTP/1.1" 200 344
investment_bot | INFO 2023-07-28 02:19:53,016 "POST /storebotmessage/ HTTP/1.1" 200 0
investment_bot | INFO 2023-07-28 02:19:53,016 "POST /storebotmessage/ HTTP/1.1" 200 0
investment_bot | INFO 2023-07-28 02:19:53,026 "GET /updatebalances/ HTTP/1.1" 200 75
investment_bot | INFO 2023-07-28 02:19:53,026 "GET /updatebalances/ HTTP/1.1" 200 75
investment_bot | INFO 2023-07-28 02:19:53,037 "GET /investment/ HTTP/1.1" 200 22036
investment_bot | INFO 2023-07-28 02:19:53,037 "GET /investment/ HTTP/1.1" 200 22036
investment_bot | INFO 2023-07-28 02:19:54,571 "GET /getnextchanges/ HTTP/1.1" 200 810
investment_bot | INFO 2023-07-28 02:19:54,571 "GET /getnextchanges/ HTTP/1.1" 200 810
investment_bot | INFO 2023-07-28 02:19:59,671 "POST /botbuttonclick/ HTTP/1.1" 200 25
investment_bot | INFO 2023-07-28 02:19:59,671 "POST /botbuttonclick/ HTTP/1.1" 200 25
investment_bot | INFO 2023-07-28 02:20:13,873 "POST /chatbotproxy/ HTTP/1.1" 200 261
investment_bot | INFO 2023-07-28 02:20:13,873 "POST /chatbotproxy/ HTTP/1.1" 200 261
investment_bot | INFO 2023-07-28 02:20:14,596 "GET /getnextchanges/ HTTP/1.1" 200 810
investment_bot | INFO 2023-07-28 02:20:14,596 "GET /getnextchanges/ HTTP/1.1" 200 810
investment_bot | INFO 2023-07-28 02:20:18,624 "POST /storebotmessage/ HTTP/1.1" 200 0
investment_bot | INFO 2023-07-28 02:20:18,624 "POST /storebotmessage/ HTTP/1.1" 200 0
investment_bot | INFO 2023-07-28 02:20:18,628 "GET /updatebalances/ HTTP/1.1" 200 75
investment_bot | INFO 2023-07-28 02:20:18,628 "GET /updatebalances/ HTTP/1.1" 200 75
investment_bot | INFO 2023-07-28 02:20:18,638 "GET /investment/ HTTP/1.1" 200 22036
investment_bot | INFO 2023-07-28 02:20:18,638 "GET /investment/ HTTP/1.1" 200 22036
investment_bot | INFO 2023-07-28 02:20:30,623 "GET /getnextchanges/ HTTP/1.1" 200 810
investment_bot | INFO 2023-07-28 02:20:30,623 "GET /getnextchanges/ HTTP/1.1" 200 810
investment_bot | INFO 2023-07-28 02:20:36,507 "POST /chatbotproxy/ HTTP/1.1" 200 246
investment_bot | INFO 2023-07-28 02:20:36,507 "POST /chatbotproxy/ HTTP/1.1" 200 246
investment_bot | INFO 2023-07-28 02:20:38,339 "POST /storebotmessage/ HTTP/1.1" 200 0
investment_bot | INFO 2023-07-28 02:20:38,339 "POST /storebotmessage/ HTTP/1.1" 200 0
investment_bot | INFO 2023-07-28 02:20:38,340 "GET /updatebalances/ HTTP/1.1" 200 75
investment_bot | INFO 2023-07-28 02:20:38,340 "GET /updatebalances/ HTTP/1.1" 200 75
investment_bot | INFO 2023-07-28 02:20:38,353 "GET /investment/ HTTP/1.1" 200 22036
investment_bot | INFO 2023-07-28 02:20:38,353 "GET /investment/ HTTP/1.1" 200 22036
investment_bot | INFO 2023-07-28 02:20:41,914 "POST /chatbotproxy/ HTTP/1.1" 200 331
investment_bot | INFO 2023-07-28 02:20:41,914 "POST /chatbotproxy/ HTTP/1.1" 200 331
investment_bot | INFO 2023-07-28 02:20:43,966 "POST /storebotmessage/ HTTP/1.1" 200 0
investment_bot | INFO 2023-07-28 02:20:43,966 "POST /storebotmessage/ HTTP/1.1" 200 0
investment_bot | INFO 2023-07-28 02:20:43,977 "GET /updatebalances/ HTTP/1.1" 200 75
investment_bot | INFO 2023-07-28 02:20:43,977 "GET /updatebalances/ HTTP/1.1" 200 75
investment_bot | INFO 2023-07-28 02:20:43,986 "GET /investment/ HTTP/1.1" 200 22031
investment_bot | INFO 2023-07-28 02:20:43,986 "GET /investment/ HTTP/1.1" 200 22031
investment_bot | INFO 2023-07-28 02:20:50,561 "POST /chatbotproxy/ HTTP/1.1" 200 192
investment_bot | INFO 2023-07-28 02:20:50,561 "POST /chatbotproxy/ HTTP/1.1" 200 192
investment_bot | INFO 2023-07-28 02:20:50,656 "GET /getnextchanges/ HTTP/1.1" 200 810
investment_bot | INFO 2023-07-28 02:20:50,656 "GET /getnextchanges/ HTTP/1.1" 200 810
investment_bot | INFO 2023-07-28 02:20:52,395 "POST /storebotmessage/ HTTP/1.1" 200 0
investment_bot | INFO 2023-07-28 02:20:52,395 "POST /storebotmessage/ HTTP/1.1" 200 0
investment_bot | INFO 2023-07-28 02:20:52,395 "GET /updatebalances/ HTTP/1.1" 200 75
investment_bot | INFO 2023-07-28 02:20:52,395 "GET /updatebalances/ HTTP/1.1" 200 75
investment_bot | INFO 2023-07-28 02:20:52,411 "GET /investment/ HTTP/1.1" 200 22031
investment_bot | INFO 2023-07-28 02:20:52,411 "GET /investment/ HTTP/1.1" 200 22031
investment_bot | INFO 2023-07-28 02:20:58,300 "POST /chatbotproxy/ HTTP/1.1" 200 294
investment_bot | INFO 2023-07-28 02:20:58,300 "POST /chatbotproxy/ HTTP/1.1" 200 294
investment_bot | INFO 2023-07-28 02:20:59,521 "POST /storebotmessage/ HTTP/1.1" 200 0
investment_bot | INFO 2023-07-28 02:20:59,521 "POST /storebotmessage/ HTTP/1.1" 200 0
investment_bot | INFO 2023-07-28 02:20:59,533 "GET /updatebalances/ HTTP/1.1" 200 75
investment_bot | INFO 2023-07-28 02:20:59,533 "GET /updatebalances/ HTTP/1.1" 200 75
investment_bot | INFO 2023-07-28 02:20:59,545 "GET /investment/ HTTP/1.1" 200 22031
investment_bot | INFO 2023-07-28 02:20:59,545 "GET /investment/ HTTP/1.1" 200 22031
investment_bot | INFO 2023-07-28 02:21:13,363 "POST /botbuttonclick/ HTTP/1.1" 200 25
investment_bot | INFO 2023-07-28 02:21:13,363 "POST /botbuttonclick/ HTTP/1.1" 200 25
investment_bot | INFO 2023-07-28 02:21:15,553 "POST /newsfeedbuttonclick/ HTTP/1.1" 200 25
investment_bot | INFO 2023-07-28 02:21:15,553 "POST /newsfeedbuttonclick/ HTTP/1.1" 200 25
investment_bot | INFO 2023-07-28 02:21:15,682 "GET /getnextchanges/ HTTP/1.1" 200 810
investment_bot | INFO 2023-07-28 02:21:15,682 "GET /getnextchanges/ HTTP/1.1" 200 810
investment_bot | INFO 2023-07-28 02:21:17,535 "POST /newsfeedbuttonclick/ HTTP/1.1" 200 25
investment_bot | INFO 2023-07-28 02:21:17,535 "POST /newsfeedbuttonclick/ HTTP/1.1" 200 25
investment_bot | INFO 2023-07-28 02:21:38,713 "GET /getnextchanges/ HTTP/1.1" 200 810
investment_bot | INFO 2023-07-28 02:21:38,713 "GET /getnextchanges/ HTTP/1.1" 200 810
investment_bot | INFO 2023-07-28 02:21:44,687 "POST /chatbotproxy/ HTTP/1.1" 200 258
investment_bot | INFO 2023-07-28 02:21:44,687 "POST /chatbotproxy/ HTTP/1.1" 200 258
investment_bot | INFO 2023-07-28 02:21:45,306 "POST /chatbotproxy/ HTTP/1.1" 200 462
investment_bot | INFO 2023-07-28 02:21:45,306 "POST /chatbotproxy/ HTTP/1.1" 200 462
investment_bot | INFO 2023-07-28 02:21:49,309 "POST /storebotmessage/ HTTP/1.1" 200 0
investment_bot | INFO 2023-07-28 02:21:49,309 "POST /storebotmessage/ HTTP/1.1" 200 0
investment_bot | INFO 2023-07-28 02:21:49,312 "GET /updatebalances/ HTTP/1.1" 200 75
investment_bot | INFO 2023-07-28 02:21:49,312 "GET /updatebalances/ HTTP/1.1" 200 75
investment_bot | INFO 2023-07-28 02:21:49,326 "GET /investment/ HTTP/1.1" 200 22031
investment_bot | INFO 2023-07-28 02:21:49,326 "GET /investment/ HTTP/1.1" 200 22031
investment_bot | INFO 2023-07-28 02:21:52,896 "POST /storebotmessage/ HTTP/1.1" 200 0
investment_bot | INFO 2023-07-28 02:21:52,896 "POST /storebotmessage/ HTTP/1.1" 200 0
investment_bot | INFO 2023-07-28 02:21:52,902 "GET /updatebalances/ HTTP/1.1" 200 75
investment_bot | INFO 2023-07-28 02:21:52,902 "GET /updatebalances/ HTTP/1.1" 200 75
investment_bot | INFO 2023-07-28 02:21:52,912 "GET /investment/ HTTP/1.1" 200 22031
investment_bot | INFO 2023-07-28 02:21:52,912 "GET /investment/ HTTP/1.1" 200 22031
investment_bot | INFO 2023-07-28 02:21:58,740 "GET /getnextchanges/ HTTP/1.1" 200 810
investment_bot | INFO 2023-07-28 02:21:58,740 "GET /getnextchanges/ HTTP/1.1" 200 810
investment_bot | INFO 2023-07-28 02:22:01,315 "POST /chatbotproxy/ HTTP/1.1" 200 462
investment_bot | INFO 2023-07-28 02:22:01,315 "POST /chatbotproxy/ HTTP/1.1" 200 462
investment_bot | INFO 2023-07-28 02:22:08,908 "POST /storebotmessage/ HTTP/1.1" 200 0
investment_bot | INFO 2023-07-28 02:22:08,908 "POST /storebotmessage/ HTTP/1.1" 200 0
investment_bot | INFO 2023-07-28 02:22:08,914 "GET /updatebalances/ HTTP/1.1" 200 75
investment_bot | INFO 2023-07-28 02:22:08,914 "GET /updatebalances/ HTTP/1.1" 200 75
investment_bot | INFO 2023-07-28 02:22:08,937 "GET /investment/ HTTP/1.1" 200 22031
investment_bot | INFO 2023-07-28 02:22:08,937 "GET /investment/ HTTP/1.1" 200 22031
investment_bot | INFO 2023-07-28 02:22:22,760 "GET /getnextchanges/ HTTP/1.1" 200 810
investment_bot | INFO 2023-07-28 02:22:22,760 "GET /getnextchanges/ HTTP/1.1" 200 810
investment_bot | INFO 2023-07-28 02:22:54,571 "GET /updateportfolios/ HTTP/1.1" 200 75
investment_bot | INFO 2023-07-28 02:22:54,571 "GET /updateportfolios/ HTTP/1.1" 200 75
investment_bot | INFO 2023-07-28 02:22:54,588 "POST /updateresults/ HTTP/1.1" 200 0
investment_bot | INFO 2023-07-28 02:22:54,588 "POST /updateresults/ HTTP/1.1" 200 0
investment_bot | INFO 2023-07-28 02:22:54,599 "GET /updatemonth/ HTTP/1.1" 200 23
investment_bot | INFO 2023-07-28 02:22:54,599 "GET /updatemonth/ HTTP/1.1" 200 23
investment_bot | INFO 2023-07-28 02:22:54,600 "GET /investment/ HTTP/1.1" 200 22038
investment_bot | INFO 2023-07-28 02:22:54,600 "GET /investment/ HTTP/1.1" 200 22038
investment_bot | INFO 2023-07-28 02:22:54,703 "POST /chatbotproxy/ HTTP/1.1" 200 243
investment_bot | INFO 2023-07-28 02:22:54,703 "POST /chatbotproxy/ HTTP/1.1" 200 243
investment_bot | INFO 2023-07-28 02:22:58,650 "POST /storebotmessage/ HTTP/1.1" 200 0
investment_bot | INFO 2023-07-28 02:22:58,650 "POST /storebotmessage/ HTTP/1.1" 200 0
investment_bot | INFO 2023-07-28 02:22:58,660 "GET /updatebalances/ HTTP/1.1" 200 75
investment_bot | INFO 2023-07-28 02:22:58,660 "GET /updatebalances/ HTTP/1.1" 200 75
investment_bot | INFO 2023-07-28 02:22:58,669 "GET /investment/ HTTP/1.1" 200 22038
investment_bot | INFO 2023-07-28 02:22:58,669 "GET /investment/ HTTP/1.1" 200 22038
investment_bot | INFO 2023-07-28 02:23:05,574 "POST /chatbotproxy/ HTTP/1.1" 200 340
investment_bot | INFO 2023-07-28 02:23:05,574 "POST /chatbotproxy/ HTTP/1.1" 200 340
investment_bot | INFO 2023-07-28 02:23:08,031 "POST /storebotmessage/ HTTP/1.1" 200 0
investment_bot | INFO 2023-07-28 02:23:08,031 "POST /storebotmessage/ HTTP/1.1" 200 0
investment_bot | INFO 2023-07-28 02:23:08,033 "GET /updatebalances/ HTTP/1.1" 200 75
investment_bot | INFO 2023-07-28 02:23:08,033 "GET /updatebalances/ HTTP/1.1" 200 75
investment_bot | INFO 2023-07-28 02:23:08,048 "GET /investment/ HTTP/1.1" 200 22044
investment_bot | INFO 2023-07-28 02:23:08,048 "GET /investment/ HTTP/1.1" 200 22044
investment_bot | INFO 2023-07-28 02:23:14,400 "POST /chatbotproxy/ HTTP/1.1" 200 233
investment_bot | INFO 2023-07-28 02:23:14,400 "POST /chatbotproxy/ HTTP/1.1" 200 233
investment_bot | INFO 2023-07-28 02:23:15,644 "POST /storebotmessage/ HTTP/1.1" 200 0
investment_bot | INFO 2023-07-28 02:23:15,644 "POST /storebotmessage/ HTTP/1.1" 200 0
investment_bot | INFO 2023-07-28 02:23:15,645 "GET /updatebalances/ HTTP/1.1" 200 75
investment_bot | INFO 2023-07-28 02:23:15,645 "GET /updatebalances/ HTTP/1.1" 200 75
investment_bot | INFO 2023-07-28 02:23:15,662 "GET /investment/ HTTP/1.1" 200 22044
investment_bot | INFO 2023-07-28 02:23:15,662 "GET /investment/ HTTP/1.1" 200 22044
investment_bot | INFO 2023-07-28 02:23:18,041 "POST /chatbotproxy/ HTTP/1.1" 200 323
investment_bot | INFO 2023-07-28 02:23:18,041 "POST /chatbotproxy/ HTTP/1.1" 200 323
investment_bot | INFO 2023-07-28 02:23:19,738 "POST /storebotmessage/ HTTP/1.1" 200 0
investment_bot | INFO 2023-07-28 02:23:19,738 "POST /storebotmessage/ HTTP/1.1" 200 0
investment_bot | INFO 2023-07-28 02:23:19,742 "GET /updatebalances/ HTTP/1.1" 200 75
investment_bot | INFO 2023-07-28 02:23:19,742 "GET /updatebalances/ HTTP/1.1" 200 75
investment_bot | INFO 2023-07-28 02:23:19,755 "GET /investment/ HTTP/1.1" 200 22040
investment_bot | INFO 2023-07-28 02:23:19,755 "GET /investment/ HTTP/1.1" 200 22040
investment_bot | INFO 2023-07-28 02:23:20,977 "GET /getnextchanges/ HTTP/1.1" 200 807
investment_bot | INFO 2023-07-28 02:23:20,977 "GET /getnextchanges/ HTTP/1.1" 200 807
investment_bot | INFO 2023-07-28 02:23:47,002 "GET /getnextchanges/ HTTP/1.1" 200 807
investment_bot | INFO 2023-07-28 02:23:47,002 "GET /getnextchanges/ HTTP/1.1" 200 807
investment_bot | INFO 2023-07-28 02:23:47,806 "POST /chatbotproxy/ HTTP/1.1" 200 223
investment_bot | INFO 2023-07-28 02:23:47,806 "POST /chatbotproxy/ HTTP/1.1" 200 223
investment_bot | INFO 2023-07-28 02:23:50,844 "POST /storebotmessage/ HTTP/1.1" 200 0
investment_bot | INFO 2023-07-28 02:23:50,844 "POST /storebotmessage/ HTTP/1.1" 200 0
investment_bot | INFO 2023-07-28 02:23:50,856 "GET /updatebalances/ HTTP/1.1" 200 75
investment_bot | INFO 2023-07-28 02:23:50,856 "GET /updatebalances/ HTTP/1.1" 200 75
investment_bot | INFO 2023-07-28 02:23:50,865 "GET /investment/ HTTP/1.1" 200 22040
investment_bot | INFO 2023-07-28 02:23:50,865 "GET /investment/ HTTP/1.1" 200 22040
investment_bot | INFO 2023-07-28 02:24:03,161 "POST /chatbotproxy/ HTTP/1.1" 200 257
investment_bot | INFO 2023-07-28 02:24:03,161 "POST /chatbotproxy/ HTTP/1.1" 200 257
investment_bot | INFO 2023-07-28 02:24:05,582 "POST /storebotmessage/ HTTP/1.1" 200 0
investment_bot | INFO 2023-07-28 02:24:05,582 "GET /updatebalances/ HTTP/1.1" 200 75
investment_bot | INFO 2023-07-28 02:24:05,582 "GET /updatebalances/ HTTP/1.1" 200 75
investment_bot | INFO 2023-07-28 02:24:05,582 "POST /storebotmessage/ HTTP/1.1" 200 0
investment_bot | INFO 2023-07-28 02:24:05,599 "GET /investment/ HTTP/1.1" 200 22040
investment_bot | INFO 2023-07-28 02:24:05,599 "GET /investment/ HTTP/1.1" 200 22040
investment_bot | INFO 2023-07-28 02:24:06,026 "GET /getnextchanges/ HTTP/1.1" 200 807
investment_bot | INFO 2023-07-28 02:24:06,026 "GET /getnextchanges/ HTTP/1.1" 200 807
investment_bot | INFO 2023-07-28 02:24:22,147 "POST /chatbotproxy/ HTTP/1.1" 200 343
investment_bot | INFO 2023-07-28 02:24:22,147 "POST /chatbotproxy/ HTTP/1.1" 200 343
investment_bot | INFO 2023-07-28 02:24:23,051 "GET /getnextchanges/ HTTP/1.1" 200 807
investment_bot | INFO 2023-07-28 02:24:23,051 "GET /getnextchanges/ HTTP/1.1" 200 807
investment_bot | INFO 2023-07-28 02:24:24,737 "POST /storebotmessage/ HTTP/1.1" 200 0
investment_bot | INFO 2023-07-28 02:24:24,737 "POST /storebotmessage/ HTTP/1.1" 200 0
investment_bot | INFO 2023-07-28 02:24:24,743 "GET /updatebalances/ HTTP/1.1" 200 74
investment_bot | INFO 2023-07-28 02:24:24,743 "GET /updatebalances/ HTTP/1.1" 200 74
investment_bot | INFO 2023-07-28 02:24:24,754 "GET /investment/ HTTP/1.1" 200 22035
investment_bot | INFO 2023-07-28 02:24:24,754 "GET /investment/ HTTP/1.1" 200 22035
investment_bot | INFO 2023-07-28 02:24:39,033 "POST /chatbotproxy/ HTTP/1.1" 200 249
investment_bot | INFO 2023-07-28 02:24:39,033 "POST /chatbotproxy/ HTTP/1.1" 200 249
investment_bot | INFO 2023-07-28 02:24:43,069 "GET /getnextchanges/ HTTP/1.1" 200 807
investment_bot | INFO 2023-07-28 02:24:43,069 "GET /getnextchanges/ HTTP/1.1" 200 807
investment_bot | INFO 2023-07-28 02:24:43,245 "POST /storebotmessage/ HTTP/1.1" 200 0
investment_bot | INFO 2023-07-28 02:24:43,245 "POST /storebotmessage/ HTTP/1.1" 200 0
investment_bot | INFO 2023-07-28 02:24:43,247 "GET /updatebalances/ HTTP/1.1" 200 74
investment_bot | INFO 2023-07-28 02:24:43,247 "GET /updatebalances/ HTTP/1.1" 200 74
investment_bot | INFO 2023-07-28 02:24:43,261 "GET /investment/ HTTP/1.1" 200 22035
investment_bot | INFO 2023-07-28 02:24:43,261 "GET /investment/ HTTP/1.1" 200 22035
investment_bot | INFO 2023-07-28 02:25:06,991 "GET /getnextchanges/ HTTP/1.1" 200 807
investment_bot | INFO 2023-07-28 02:25:06,991 "GET /getnextchanges/ HTTP/1.1" 200 807
investment_bot | INFO 2023-07-28 02:25:27,988 "GET /getnextchanges/ HTTP/1.1" 200 807
investment_bot | INFO 2023-07-28 02:25:27,988 "GET /getnextchanges/ HTTP/1.1" 200 807
investment_bot | INFO 2023-07-28 02:25:29,115 "POST /chatbotproxy/ HTTP/1.1" 200 252
investment_bot | INFO 2023-07-28 02:25:29,115 "POST /chatbotproxy/ HTTP/1.1" 200 252
investment_bot | INFO 2023-07-28 02:25:33,993 "GET /updatebalances/ HTTP/1.1" 200 74
investment_bot | INFO 2023-07-28 02:25:33,993 "GET /updatebalances/ HTTP/1.1" 200 74
investment_bot | INFO 2023-07-28 02:25:33,995 "POST /storebotmessage/ HTTP/1.1" 200 0
investment_bot | INFO 2023-07-28 02:25:33,995 "POST /storebotmessage/ HTTP/1.1" 200 0
investment_bot | INFO 2023-07-28 02:25:34,008 "GET /investment/ HTTP/1.1" 200 22035
investment_bot | INFO 2023-07-28 02:25:34,008 "GET /investment/ HTTP/1.1" 200 22035
investment_bot | INFO 2023-07-28 02:25:50,987 "GET /getnextchanges/ HTTP/1.1" 200 807
investment_bot | INFO 2023-07-28 02:25:50,987 "GET /getnextchanges/ HTTP/1.1" 200 807
investment_bot | INFO 2023-07-28 02:26:16,990 "GET /getnextchanges/ HTTP/1.1" 200 807
investment_bot | INFO 2023-07-28 02:26:16,990 "GET /getnextchanges/ HTTP/1.1" 200 807
investment_bot | INFO 2023-07-28 02:26:33,104 "POST /botbuttonclick/ HTTP/1.1" 200 25
investment_bot | INFO 2023-07-28 02:26:33,104 "POST /botbuttonclick/ HTTP/1.1" 200 25
investment_bot | INFO 2023-07-28 02:26:40,982 "GET /getnextchanges/ HTTP/1.1" 200 807
investment_bot | INFO 2023-07-28 02:26:40,982 "GET /getnextchanges/ HTTP/1.1" 200 807
investment_bot | INFO 2023-07-28 02:27:12,003 "GET /updateportfolios/ HTTP/1.1" 200 75
investment_bot | INFO 2023-07-28 02:27:12,003 "GET /updateportfolios/ HTTP/1.1" 200 75
investment_bot | INFO 2023-07-28 02:27:12,012 "POST /updateresults/ HTTP/1.1" 200 0
investment_bot | INFO 2023-07-28 02:27:12,012 "POST /updateresults/ HTTP/1.1" 200 0
investment_bot | INFO 2023-07-28 02:27:12,024 "GET /updatemonth/ HTTP/1.1" 200 23
investment_bot | INFO 2023-07-28 02:27:12,024 "GET /updatemonth/ HTTP/1.1" 200 23
investment_bot | INFO 2023-07-28 02:27:12,026 "GET /investment/ HTTP/1.1" 200 22035
investment_bot | INFO 2023-07-28 02:27:12,026 "GET /investment/ HTTP/1.1" 200 22035
investment_bot | INFO 2023-07-28 02:27:20,762 "POST /chatbotproxy/ HTTP/1.1" 200 229
investment_bot | INFO 2023-07-28 02:27:20,762 "POST /chatbotproxy/ HTTP/1.1" 200 229
investment_bot | INFO 2023-07-28 02:27:24,081 "POST /storebotmessage/ HTTP/1.1" 200 0
investment_bot | INFO 2023-07-28 02:27:24,081 "POST /storebotmessage/ HTTP/1.1" 200 0
investment_bot | INFO 2023-07-28 02:27:24,093 "GET /updatebalances/ HTTP/1.1" 200 75
investment_bot | INFO 2023-07-28 02:27:24,093 "GET /updatebalances/ HTTP/1.1" 200 75
investment_bot | INFO 2023-07-28 02:27:24,107 "GET /investment/ HTTP/1.1" 200 22035
investment_bot | INFO 2023-07-28 02:27:24,107 "GET /investment/ HTTP/1.1" 200 22035
investment_bot | INFO 2023-07-28 02:27:46,047 "GET /getnextchanges/ HTTP/1.1" 200 803
investment_bot | INFO 2023-07-28 02:27:46,047 "GET /getnextchanges/ HTTP/1.1" 200 803
investment_bot | INFO 2023-07-28 02:27:50,232 "POST /chatbotproxy/ HTTP/1.1" 200 248
investment_bot | INFO 2023-07-28 02:27:50,232 "POST /chatbotproxy/ HTTP/1.1" 200 248
investment_bot | INFO 2023-07-28 02:27:53,953 "POST /storebotmessage/ HTTP/1.1" 200 0
investment_bot | INFO 2023-07-28 02:27:53,953 "POST /storebotmessage/ HTTP/1.1" 200 0
investment_bot | INFO 2023-07-28 02:27:53,954 "GET /updatebalances/ HTTP/1.1" 200 75
investment_bot | INFO 2023-07-28 02:27:53,954 "GET /updatebalances/ HTTP/1.1" 200 75
investment_bot | INFO 2023-07-28 02:27:53,968 "GET /investment/ HTTP/1.1" 200 22035
investment_bot | INFO 2023-07-28 02:27:53,968 "GET /investment/ HTTP/1.1" 200 22035
investment_bot | INFO 2023-07-28 02:28:03,894 "POST /chatbotproxy/ HTTP/1.1" 200 376
investment_bot | INFO 2023-07-28 02:28:03,894 "POST /chatbotproxy/ HTTP/1.1" 200 376
investment_bot | INFO 2023-07-28 02:28:07,702 "POST /storebotmessage/ HTTP/1.1" 200 0
investment_bot | INFO 2023-07-28 02:28:07,702 "POST /storebotmessage/ HTTP/1.1" 200 0
investment_bot | INFO 2023-07-28 02:28:07,703 "GET /updatebalances/ HTTP/1.1" 200 75
investment_bot | INFO 2023-07-28 02:28:07,703 "GET /updatebalances/ HTTP/1.1" 200 75
investment_bot | INFO 2023-07-28 02:28:07,714 "GET /investment/ HTTP/1.1" 200 22035
investment_bot | INFO 2023-07-28 02:28:07,714 "GET /investment/ HTTP/1.1" 200 22035
investment_bot | INFO 2023-07-28 02:28:11,068 "GET /getnextchanges/ HTTP/1.1" 200 803
investment_bot | INFO 2023-07-28 02:28:11,068 "GET /getnextchanges/ HTTP/1.1" 200 803
investment_bot | INFO 2023-07-28 02:28:31,990 "GET /getnextchanges/ HTTP/1.1" 200 803
investment_bot | INFO 2023-07-28 02:28:31,990 "GET /getnextchanges/ HTTP/1.1" 200 803
investment_bot | INFO 2023-07-28 02:28:54,117 "POST /chatbotproxy/ HTTP/1.1" 200 259
investment_bot | INFO 2023-07-28 02:28:54,117 "POST /chatbotproxy/ HTTP/1.1" 200 259
investment_bot | INFO 2023-07-28 02:28:57,980 "GET /getnextchanges/ HTTP/1.1" 200 803
investment_bot | INFO 2023-07-28 02:28:57,980 "GET /getnextchanges/ HTTP/1.1" 200 803
investment_bot | INFO 2023-07-28 02:28:58,991 "POST /storebotmessage/ HTTP/1.1" 200 0
investment_bot | INFO 2023-07-28 02:28:58,991 "POST /storebotmessage/ HTTP/1.1" 200 0
investment_bot | INFO 2023-07-28 02:28:59,003 "GET /updatebalances/ HTTP/1.1" 200 75
investment_bot | INFO 2023-07-28 02:28:59,003 "GET /updatebalances/ HTTP/1.1" 200 75
investment_bot | INFO 2023-07-28 02:28:59,013 "GET /investment/ HTTP/1.1" 200 22035
investment_bot | INFO 2023-07-28 02:28:59,013 "GET /investment/ HTTP/1.1" 200 22035
investment_bot | INFO 2023-07-28 02:29:11,736 "POST /chatbotproxy/ HTTP/1.1" 200 338
investment_bot | INFO 2023-07-28 02:29:11,736 "POST /chatbotproxy/ HTTP/1.1" 200 338
investment_bot | INFO 2023-07-28 02:29:14,105 "GET /updatebalances/ HTTP/1.1" 200 75
investment_bot | INFO 2023-07-28 02:29:14,105 "GET /updatebalances/ HTTP/1.1" 200 75
investment_bot | INFO 2023-07-28 02:29:14,108 "POST /storebotmessage/ HTTP/1.1" 200 0
investment_bot | INFO 2023-07-28 02:29:14,108 "POST /storebotmessage/ HTTP/1.1" 200 0
investment_bot | INFO 2023-07-28 02:29:14,126 "GET /investment/ HTTP/1.1" 200 22035
investment_bot | INFO 2023-07-28 02:29:14,126 "GET /investment/ HTTP/1.1" 200 22035
investment_bot | INFO 2023-07-28 02:29:18,001 "GET /getnextchanges/ HTTP/1.1" 200 803
investment_bot | INFO 2023-07-28 02:29:18,001 "GET /getnextchanges/ HTTP/1.1" 200 803
investment_bot | INFO 2023-07-28 02:29:19,812 "POST /chatbotproxy/ HTTP/1.1" 200 243
investment_bot | INFO 2023-07-28 02:29:19,812 "POST /chatbotproxy/ HTTP/1.1" 200 243
investment_bot | INFO 2023-07-28 02:29:23,308 "POST /storebotmessage/ HTTP/1.1" 200 0
investment_bot | INFO 2023-07-28 02:29:23,308 "POST /storebotmessage/ HTTP/1.1" 200 0
investment_bot | INFO 2023-07-28 02:29:23,312 "GET /updatebalances/ HTTP/1.1" 200 75
investment_bot | INFO 2023-07-28 02:29:23,312 "GET /updatebalances/ HTTP/1.1" 200 75
investment_bot | INFO 2023-07-28 02:29:23,327 "GET /investment/ HTTP/1.1" 200 22035
investment_bot | INFO 2023-07-28 02:29:23,327 "GET /investment/ HTTP/1.1" 200 22035
investment_bot | INFO 2023-07-28 02:29:33,556 "POST /chatbotproxy/ HTTP/1.1" 200 106
investment_bot | INFO 2023-07-28 02:29:33,556 "POST /chatbotproxy/ HTTP/1.1" 200 106
investment_bot | INFO 2023-07-28 02:29:35,563 "POST /storebotmessage/ HTTP/1.1" 200 0
investment_bot | INFO 2023-07-28 02:29:35,563 "POST /storebotmessage/ HTTP/1.1" 200 0
investment_bot | INFO 2023-07-28 02:29:35,568 "GET /updatebalances/ HTTP/1.1" 200 75
investment_bot | INFO 2023-07-28 02:29:35,568 "GET /updatebalances/ HTTP/1.1" 200 75
investment_bot | INFO 2023-07-28 02:29:35,580 "GET /investment/ HTTP/1.1" 200 22035
investment_bot | INFO 2023-07-28 02:29:35,580 "GET /investment/ HTTP/1.1" 200 22035
investment_bot | INFO 2023-07-28 02:29:41,026 "GET /getnextchanges/ HTTP/1.1" 200 803
investment_bot | INFO 2023-07-28 02:29:41,026 "GET /getnextchanges/ HTTP/1.1" 200 803
investment_bot | INFO 2023-07-28 02:29:59,397 "POST /chatbotproxy/ HTTP/1.1" 200 337
investment_bot | INFO 2023-07-28 02:29:59,397 "POST /chatbotproxy/ HTTP/1.1" 200 337
investment_bot | INFO 2023-07-28 02:30:01,726 "POST /storebotmessage/ HTTP/1.1" 200 0
investment_bot | INFO 2023-07-28 02:30:01,726 "POST /storebotmessage/ HTTP/1.1" 200 0
investment_bot | INFO 2023-07-28 02:30:01,727 "GET /updatebalances/ HTTP/1.1" 200 75
investment_bot | INFO 2023-07-28 02:30:01,727 "GET /updatebalances/ HTTP/1.1" 200 75
investment_bot | INFO 2023-07-28 02:30:01,739 "GET /investment/ HTTP/1.1" 200 22035
investment_bot | INFO 2023-07-28 02:30:01,739 "GET /investment/ HTTP/1.1" 200 22035
investment_bot | INFO 2023-07-28 02:30:05,046 "GET /getnextchanges/ HTTP/1.1" 200 803
investment_bot | INFO 2023-07-28 02:30:05,046 "GET /getnextchanges/ HTTP/1.1" 200 803
investment_bot | INFO 2023-07-28 02:30:18,983 "POST /chatbotproxy/ HTTP/1.1" 200 339
investment_bot | INFO 2023-07-28 02:30:18,983 "POST /chatbotproxy/ HTTP/1.1" 200 339
investment_bot | INFO 2023-07-28 02:30:21,398 "POST /storebotmessage/ HTTP/1.1" 200 0
investment_bot | INFO 2023-07-28 02:30:21,398 "POST /storebotmessage/ HTTP/1.1" 200 0
investment_bot | INFO 2023-07-28 02:30:21,407 "GET /updatebalances/ HTTP/1.1" 200 75
investment_bot | INFO 2023-07-28 02:30:21,407 "GET /updatebalances/ HTTP/1.1" 200 75
investment_bot | INFO 2023-07-28 02:30:21,421 "GET /investment/ HTTP/1.1" 200 22039
investment_bot | INFO 2023-07-28 02:30:21,421 "GET /investment/ HTTP/1.1" 200 22039
investment_bot | INFO 2023-07-28 02:30:24,071 "GET /getnextchanges/ HTTP/1.1" 200 803
investment_bot | INFO 2023-07-28 02:30:24,071 "GET /getnextchanges/ HTTP/1.1" 200 803
investment_bot | INFO 2023-07-28 02:30:28,112 "POST /chatbotproxy/ HTTP/1.1" 200 257
investment_bot | INFO 2023-07-28 02:30:28,112 "POST /chatbotproxy/ HTTP/1.1" 200 257
investment_bot | INFO 2023-07-28 02:30:30,518 "POST /storebotmessage/ HTTP/1.1" 200 0
investment_bot | INFO 2023-07-28 02:30:30,518 "POST /storebotmessage/ HTTP/1.1" 200 0
investment_bot | INFO 2023-07-28 02:30:30,526 "GET /updatebalances/ HTTP/1.1" 200 75
investment_bot | INFO 2023-07-28 02:30:30,526 "GET /updatebalances/ HTTP/1.1" 200 75
investment_bot | INFO 2023-07-28 02:30:30,532 "GET /investment/ HTTP/1.1" 200 22039
investment_bot | INFO 2023-07-28 02:30:30,532 "GET /investment/ HTTP/1.1" 200 22039
investment_bot | INFO 2023-07-28 02:30:35,161 "POST /chatbotproxy/ HTTP/1.1" 200 330
investment_bot | INFO 2023-07-28 02:30:35,161 "POST /chatbotproxy/ HTTP/1.1" 200 330
investment_bot | INFO 2023-07-28 02:30:37,167 "POST /storebotmessage/ HTTP/1.1" 200 0
investment_bot | INFO 2023-07-28 02:30:37,167 "POST /storebotmessage/ HTTP/1.1" 200 0
investment_bot | INFO 2023-07-28 02:30:37,177 "GET /updatebalances/ HTTP/1.1" 200 75
investment_bot | INFO 2023-07-28 02:30:37,177 "GET /updatebalances/ HTTP/1.1" 200 75
investment_bot | INFO 2023-07-28 02:30:37,189 "GET /investment/ HTTP/1.1" 200 22035
investment_bot | INFO 2023-07-28 02:30:37,189 "GET /investment/ HTTP/1.1" 200 22035
investment_bot | INFO 2023-07-28 02:30:40,099 "GET /getnextchanges/ HTTP/1.1" 200 803
investment_bot | INFO 2023-07-28 02:30:40,099 "GET /getnextchanges/ HTTP/1.1" 200 803
investment_bot | INFO 2023-07-28 02:31:00,239 "GET /getnextchanges/ HTTP/1.1" 200 803
investment_bot | INFO 2023-07-28 02:31:00,239 "GET /getnextchanges/ HTTP/1.1" 200 803
investment_bot | INFO 2023-07-28 02:31:21,664 "GET /updateportfolios/ HTTP/1.1" 200 75
investment_bot | INFO 2023-07-28 02:31:21,664 "GET /updateportfolios/ HTTP/1.1" 200 75
investment_bot | INFO 2023-07-28 02:31:21,678 "POST /updateresults/ HTTP/1.1" 200 0
investment_bot | INFO 2023-07-28 02:31:21,678 "POST /updateresults/ HTTP/1.1" 200 0
investment_bot | INFO 2023-07-28 02:31:21,692 "GET /investment/ HTTP/1.1" 200 22035
investment_bot | INFO 2023-07-28 02:31:21,692 "GET /investment/ HTTP/1.1" 200 22035
investment_bot | INFO 2023-07-28 02:31:21,695 "GET /updatemonth/ HTTP/1.1" 200 23
investment_bot | INFO 2023-07-28 02:31:21,695 "GET /updatemonth/ HTTP/1.1" 200 23
investment_bot | INFO 2023-07-28 02:31:22,796 "POST /chatbotproxy/ HTTP/1.1" 200 252
investment_bot | INFO 2023-07-28 02:31:22,796 "POST /chatbotproxy/ HTTP/1.1" 200 252
investment_bot | INFO 2023-07-28 02:31:27,141 "POST /storebotmessage/ HTTP/1.1" 200 0
investment_bot | INFO 2023-07-28 02:31:27,141 "POST /storebotmessage/ HTTP/1.1" 200 0
investment_bot | INFO 2023-07-28 02:31:27,142 "GET /updatebalances/ HTTP/1.1" 200 75
investment_bot | INFO 2023-07-28 02:31:27,142 "GET /updatebalances/ HTTP/1.1" 200 75
investment_bot | INFO 2023-07-28 02:31:27,160 "GET /investment/ HTTP/1.1" 200 22035
investment_bot | INFO 2023-07-28 02:31:27,160 "GET /investment/ HTTP/1.1" 200 22035
investment_bot | INFO 2023-07-28 02:31:39,275 "POST /chatbotproxy/ HTTP/1.1" 200 362
investment_bot | INFO 2023-07-28 02:31:39,275 "POST /chatbotproxy/ HTTP/1.1" 200 362
investment_bot | INFO 2023-07-28 02:31:39,293 "GET /getnextchanges/ HTTP/1.1" 200 811
investment_bot | INFO 2023-07-28 02:31:39,293 "GET /getnextchanges/ HTTP/1.1" 200 811
investment_bot | INFO 2023-07-28 02:31:42,454 "POST /storebotmessage/ HTTP/1.1" 200 0
investment_bot | INFO 2023-07-28 02:31:42,454 "POST /storebotmessage/ HTTP/1.1" 200 0
investment_bot | INFO 2023-07-28 02:31:42,455 "GET /updatebalances/ HTTP/1.1" 200 75
investment_bot | INFO 2023-07-28 02:31:42,455 "GET /updatebalances/ HTTP/1.1" 200 75
investment_bot | INFO 2023-07-28 02:31:42,470 "GET /investment/ HTTP/1.1" 200 22035
investment_bot | INFO 2023-07-28 02:31:42,470 "GET /investment/ HTTP/1.1" 200 22035
investment_bot | INFO 2023-07-28 02:32:02,095 "GET /getnextchanges/ HTTP/1.1" 200 811
investment_bot | INFO 2023-07-28 02:32:02,095 "GET /getnextchanges/ HTTP/1.1" 200 811
investment_bot | INFO 2023-07-28 02:32:27,095 "GET /getnextchanges/ HTTP/1.1" 200 811
investment_bot | INFO 2023-07-28 02:32:27,095 "GET /getnextchanges/ HTTP/1.1" 200 811
investment_bot | INFO 2023-07-28 02:32:28,256 "POST /chatbotproxy/ HTTP/1.1" 200 246
investment_bot | INFO 2023-07-28 02:32:28,256 "POST /chatbotproxy/ HTTP/1.1" 200 246
investment_bot | INFO 2023-07-28 02:32:33,099 "POST /storebotmessage/ HTTP/1.1" 200 0
investment_bot | INFO 2023-07-28 02:32:33,099 "POST /storebotmessage/ HTTP/1.1" 200 0
investment_bot | INFO 2023-07-28 02:32:33,102 "GET /updatebalances/ HTTP/1.1" 200 75
investment_bot | INFO 2023-07-28 02:32:33,102 "GET /updatebalances/ HTTP/1.1" 200 75
investment_bot | INFO 2023-07-28 02:32:33,116 "GET /investment/ HTTP/1.1" 200 22035
investment_bot | INFO 2023-07-28 02:32:33,116 "GET /investment/ HTTP/1.1" 200 22035
investment_bot | INFO 2023-07-28 02:32:51,099 "GET /getnextchanges/ HTTP/1.1" 200 811
investment_bot | INFO 2023-07-28 02:32:51,099 "GET /getnextchanges/ HTTP/1.1" 200 811
investment_bot | INFO 2023-07-28 02:33:12,098 "GET /getnextchanges/ HTTP/1.1" 200 811
investment_bot | INFO 2023-07-28 02:33:12,098 "GET /getnextchanges/ HTTP/1.1" 200 811
investment_bot | INFO 2023-07-28 02:33:33,098 "GET /getnextchanges/ HTTP/1.1" 200 811
investment_bot | INFO 2023-07-28 02:33:33,098 "GET /getnextchanges/ HTTP/1.1" 200 811
investment_bot | INFO 2023-07-28 02:33:40,948 "user": "2", "view": "tags", "POST": {"image_task": "1", "label": "tet", "csrfmiddlewaretoken": "LbsCo6hWRei27DAm3MM3mLG83kTHfAhA"}
investment_bot | INFO 2023-07-28 02:33:40,948 "user": "2", "view": "tags", "POST": {"image_task": "1", "label": "tet", "csrfmiddlewaretoken": "LbsCo6hWRei27DAm3MM3mLG83kTHfAhA"}
investment_bot | INFO 2023-07-28 02:33:40,958 "POST /imagetagging/tags/ HTTP/1.1" 200 18
investment_bot | INFO 2023-07-28 02:33:40,958 "POST /imagetagging/tags/ HTTP/1.1" 200 18
investment_bot | INFO 2023-07-28 02:33:50,119 "GET /getnextchanges/ HTTP/1.1" 200 811
investment_bot | INFO 2023-07-28 02:33:50,119 "GET /getnextchanges/ HTTP/1.1" 200 811
investment_bot | INFO 2023-07-28 02:34:12,147 "GET /getnextchanges/ HTTP/1.1" 200 811
investment_bot | INFO 2023-07-28 02:34:12,147 "GET /getnextchanges/ HTTP/1.1" 200 811
investment_bot | INFO 2023-07-28 02:34:36,170 "GET /getnextchanges/ HTTP/1.1" 200 811
investment_bot | INFO 2023-07-28 02:34:36,170 "GET /getnextchanges/ HTTP/1.1" 200 811
investment_bot | INFO 2023-07-28 02:34:59,198 "GET /getnextchanges/ HTTP/1.1" 200 811
investment_bot | INFO 2023-07-28 02:34:59,198 "GET /getnextchanges/ HTTP/1.1" 200 811
investment_bot | INFO 2023-07-28 02:35:57,600 "POST /botbuttonclick/ HTTP/1.1" 200 25
investment_bot | INFO 2023-07-28 02:35:57,600 "POST /botbuttonclick/ HTTP/1.1" 200 25
investment_bot | INFO 2023-07-28 02:35:59,931 "POST /botbuttonclick/ HTTP/1.1" 200 25
investment_bot | INFO 2023-07-28 02:35:59,931 "POST /botbuttonclick/ HTTP/1.1" 200 25
investment_bot | INFO 2023-07-28 02:36:00,665 "GET /updateportfolios/ HTTP/1.1" 200 75
investment_bot | INFO 2023-07-28 02:36:00,665 "GET /updateportfolios/ HTTP/1.1" 200 75
investment_bot | INFO 2023-07-28 02:36:00,679 "POST /updateresults/ HTTP/1.1" 200 0
investment_bot | INFO 2023-07-28 02:36:00,679 "POST /updateresults/ HTTP/1.1" 200 0
investment_bot | INFO 2023-07-28 02:36:00,694 "GET /updatemonth/ HTTP/1.1" 200 23
investment_bot | INFO 2023-07-28 02:36:00,694 "GET /updatemonth/ HTTP/1.1" 200 23
investment_bot | INFO 2023-07-28 02:36:00,697 "GET /investment/ HTTP/1.1" 200 22034
investment_bot | INFO 2023-07-28 02:36:00,697 "GET /investment/ HTTP/1.1" 200 22034
investment_bot | INFO 2023-07-28 02:36:14,810 "POST /chatbotproxy/ HTTP/1.1" 200 259
investment_bot | INFO 2023-07-28 02:36:14,810 "POST /chatbotproxy/ HTTP/1.1" 200 259
investment_bot | INFO 2023-07-28 02:36:19,476 "POST /storebotmessage/ HTTP/1.1" 200 0
investment_bot | INFO 2023-07-28 02:36:19,476 "POST /storebotmessage/ HTTP/1.1" 200 0
investment_bot | INFO 2023-07-28 02:36:19,479 "GET /updatebalances/ HTTP/1.1" 200 75
investment_bot | INFO 2023-07-28 02:36:19,479 "GET /updatebalances/ HTTP/1.1" 200 75
investment_bot | INFO 2023-07-28 02:36:19,492 "GET /investment/ HTTP/1.1" 200 22034
investment_bot | INFO 2023-07-28 02:36:19,492 "GET /investment/ HTTP/1.1" 200 22034
investment_bot | INFO 2023-07-28 02:36:25,211 "POST /chatbotproxy/ HTTP/1.1" 200 89
investment_bot | INFO 2023-07-28 02:36:25,211 "POST /chatbotproxy/ HTTP/1.1" 200 89
investment_bot | INFO 2023-07-28 02:36:25,794 "GET /getnextchanges/ HTTP/1.1" 200 810
investment_bot | INFO 2023-07-28 02:36:25,794 "GET /getnextchanges/ HTTP/1.1" 200 810
investment_bot | INFO 2023-07-28 02:36:26,456 "GET /updatebalances/ HTTP/1.1" 200 75
investment_bot | INFO 2023-07-28 02:36:26,456 "GET /updatebalances/ HTTP/1.1" 200 75
investment_bot | INFO 2023-07-28 02:36:26,458 "POST /storebotmessage/ HTTP/1.1" 200 0
investment_bot | INFO 2023-07-28 02:36:26,458 "POST /storebotmessage/ HTTP/1.1" 200 0
investment_bot | INFO 2023-07-28 02:36:26,477 "GET /investment/ HTTP/1.1" 200 22034
investment_bot | INFO 2023-07-28 02:36:26,477 "GET /investment/ HTTP/1.1" 200 22034
investment_bot | INFO 2023-07-28 02:36:33,106 "POST /chatbotproxy/ HTTP/1.1" 200 338
investment_bot | INFO 2023-07-28 02:36:33,106 "POST /chatbotproxy/ HTTP/1.1" 200 338
investment_bot | INFO 2023-07-28 02:36:35,476 "POST /storebotmessage/ HTTP/1.1" 200 0
investment_bot | INFO 2023-07-28 02:36:35,476 "POST /storebotmessage/ HTTP/1.1" 200 0
investment_bot | INFO 2023-07-28 02:36:35,483 "GET /updatebalances/ HTTP/1.1" 200 74
investment_bot | INFO 2023-07-28 02:36:35,483 "GET /updatebalances/ HTTP/1.1" 200 74
investment_bot | INFO 2023-07-28 02:36:35,495 "GET /investment/ HTTP/1.1" 200 22028
investment_bot | INFO 2023-07-28 02:36:35,495 "GET /investment/ HTTP/1.1" 200 22028
investment_bot | INFO 2023-07-28 02:36:45,812 "GET /getnextchanges/ HTTP/1.1" 200 810
investment_bot | INFO 2023-07-28 02:36:45,812 "GET /getnextchanges/ HTTP/1.1" 200 810
investment_bot | INFO 2023-07-28 02:37:08,946 "POST /chatbotproxy/ HTTP/1.1" 200 264
investment_bot | INFO 2023-07-28 02:37:08,946 "POST /chatbotproxy/ HTTP/1.1" 200 264
investment_bot | INFO 2023-07-28 02:37:11,832 "GET /getnextchanges/ HTTP/1.1" 200 810
investment_bot | INFO 2023-07-28 02:37:11,832 "GET /getnextchanges/ HTTP/1.1" 200 810
investment_bot | INFO 2023-07-28 02:37:13,829 "POST /storebotmessage/ HTTP/1.1" 200 0
investment_bot | INFO 2023-07-28 02:37:13,829 "POST /storebotmessage/ HTTP/1.1" 200 0
investment_bot | INFO 2023-07-28 02:37:13,838 "GET /updatebalances/ HTTP/1.1" 200 74
investment_bot | INFO 2023-07-28 02:37:13,838 "GET /updatebalances/ HTTP/1.1" 200 74
investment_bot | INFO 2023-07-28 02:37:13,851 "GET /investment/ HTTP/1.1" 200 22028
investment_bot | INFO 2023-07-28 02:37:13,851 "GET /investment/ HTTP/1.1" 200 22028
investment_bot | INFO 2023-07-28 02:37:19,412 "POST /botbuttonclick/ HTTP/1.1" 200 25
investment_bot | INFO 2023-07-28 02:37:19,412 "POST /botbuttonclick/ HTTP/1.1" 200 25
investment_bot | INFO 2023-07-28 02:37:21,668 "POST /newsfeedbuttonclick/ HTTP/1.1" 200 25
investment_bot | INFO 2023-07-28 02:37:21,668 "POST /newsfeedbuttonclick/ HTTP/1.1" 200 25
investment_bot | INFO 2023-07-28 02:37:33,860 "GET /getnextchanges/ HTTP/1.1" 200 810
investment_bot | INFO 2023-07-28 02:37:33,860 "GET /getnextchanges/ HTTP/1.1" 200 810
investment_bot | INFO 2023-07-28 02:37:52,893 "GET /getnextchanges/ HTTP/1.1" 200 810
investment_bot | INFO 2023-07-28 02:37:52,893 "GET /getnextchanges/ HTTP/1.1" 200 810
investment_bot | INFO 2023-07-28 02:37:59,812 "POST /chatbotproxy/ HTTP/1.1" 200 245
investment_bot | INFO 2023-07-28 02:37:59,812 "POST /chatbotproxy/ HTTP/1.1" 200 245
investment_bot | INFO 2023-07-28 02:38:04,105 "POST /storebotmessage/ HTTP/1.1" 200 0
investment_bot | INFO 2023-07-28 02:38:04,105 "POST /storebotmessage/ HTTP/1.1" 200 0
investment_bot | INFO 2023-07-28 02:38:04,111 "GET /updatebalances/ HTTP/1.1" 200 74
investment_bot | INFO 2023-07-28 02:38:04,111 "GET /updatebalances/ HTTP/1.1" 200 74
investment_bot | INFO 2023-07-28 02:38:04,116 "GET /investment/ HTTP/1.1" 200 22028
investment_bot | INFO 2023-07-28 02:38:04,116 "GET /investment/ HTTP/1.1" 200 22028
investment_bot | INFO 2023-07-28 02:38:14,089 "GET /getnextchanges/ HTTP/1.1" 200 810
investment_bot | INFO 2023-07-28 02:38:14,089 "GET /getnextchanges/ HTTP/1.1" 200 810
investment_bot | INFO 2023-07-28 02:38:35,092 "GET /getnextchanges/ HTTP/1.1" 200 810
investment_bot | INFO 2023-07-28 02:38:35,092 "GET /getnextchanges/ HTTP/1.1" 200 810
investment_bot | INFO 2023-07-28 02:38:59,088 "GET /getnextchanges/ HTTP/1.1" 200 810
investment_bot | INFO 2023-07-28 02:38:59,088 "GET /getnextchanges/ HTTP/1.1" 200 810
investment_bot | INFO 2023-07-28 02:39:19,089 "GET /getnextchanges/ HTTP/1.1" 200 810
investment_bot | INFO 2023-07-28 02:39:19,089 "GET /getnextchanges/ HTTP/1.1" 200 810
investment_bot | INFO 2023-07-28 02:39:36,092 "GET /getnextchanges/ HTTP/1.1" 200 810
investment_bot | INFO 2023-07-28 02:39:36,092 "GET /getnextchanges/ HTTP/1.1" 200 810
investment_bot | INFO 2023-07-28 02:40:16,667 "GET /updateportfolios/ HTTP/1.1" 200 74
investment_bot | INFO 2023-07-28 02:40:16,667 "GET /updateportfolios/ HTTP/1.1" 200 74
investment_bot | INFO 2023-07-28 02:40:16,685 "POST /updateresults/ HTTP/1.1" 200 0
investment_bot | INFO 2023-07-28 02:40:16,685 "POST /updateresults/ HTTP/1.1" 200 0
investment_bot | INFO 2023-07-28 02:40:16,699 "GET /investment/ HTTP/1.1" 200 22029
investment_bot | INFO 2023-07-28 02:40:16,699 "GET /investment/ HTTP/1.1" 200 22029
investment_bot | INFO 2023-07-28 02:40:16,699 "GET /updatemonth/ HTTP/1.1" 200 24
investment_bot | INFO 2023-07-28 02:40:16,699 "GET /updatemonth/ HTTP/1.1" 200 24
investment_bot | INFO 2023-07-28 02:40:16,732 "GET /results/ HTTP/1.1" 200 5674
investment_bot | INFO 2023-07-28 02:40:16,732 "GET /results/ HTTP/1.1" 200 5674
investment_bot | INFO 2023-07-28 02:40:31,075 "GET /questionnaire/ HTTP/1.1" 200 3021
investment_bot | INFO 2023-07-28 02:40:31,075 "GET /questionnaire/ HTTP/1.1" 200 3021
investment_bot | INFO 2023-07-28 02:40:31,100 "GET /static/libs/jquery-ui-1.12.1/jquery-ui.theme.min.css HTTP/1.1" 200 14436
investment_bot | INFO 2023-07-28 02:40:31,100 "GET /static/libs/jquery-ui-1.12.1/jquery-ui.theme.min.css HTTP/1.1" 200 14436
investment_bot | INFO 2023-07-28 02:40:31,102 "GET /static/libs/jquery-ui-1.12.1/jquery-ui.min.css HTTP/1.1" 200 20878
investment_bot | INFO 2023-07-28 02:40:31,102 "GET /static/libs/jquery-ui-1.12.1/jquery-ui.min.css HTTP/1.1" 200 20878
investment_bot | INFO 2023-07-28 02:40:31,105 "GET /static/libs/jquery-ui-1.12.1/jquery-ui.min.js HTTP/1.1" 200 52821
investment_bot | INFO 2023-07-28 02:40:31,105 "GET /static/libs/jquery-ui-1.12.1/jquery-ui.min.js HTTP/1.1" 200 52821
investment_bot | INFO 2023-07-28 02:40:31,108 "GET /static/chatbot/css/questionnaire.css HTTP/1.1" 200 0
investment_bot | INFO 2023-07-28 02:40:31,108 "GET /static/libs/bootstrap-4.0.0/js/bootstrap.bundle.min.js HTTP/1.1" 200 67742
investment_bot | INFO 2023-07-28 02:40:31,108 "GET /static/chatbot/css/questionnaire.css HTTP/1.1" 200 0
investment_bot | INFO 2023-07-28 02:40:31,108 "GET /static/libs/bootstrap-4.0.0/js/bootstrap.bundle.min.js HTTP/1.1" 200 67742
investment_bot | INFO 2023-07-28 02:40:31,109 "GET /static/libs/jquery/jquery-3.2.1.min.js HTTP/1.1" 200 86659
investment_bot | INFO 2023-07-28 02:40:31,109 "GET /static/libs/jquery/jquery-3.2.1.min.js HTTP/1.1" 200 86659
investment_bot | INFO 2023-07-28 02:40:31,110 "GET /static/libs/font-awesome/css/font-awesome.min.css HTTP/1.1" 200 31000
investment_bot | INFO 2023-07-28 02:40:31,110 "GET /static/libs/font-awesome/css/font-awesome.min.css HTTP/1.1" 200 31000
investment_bot | INFO 2023-07-28 02:40:31,110 "GET /static/libs/bootstrap-4.0.0/css/bootstrap.min.css HTTP/1.1" 200 144877
investment_bot | INFO 2023-07-28 02:40:31,110 "GET /static/libs/bootstrap-4.0.0/css/bootstrap.min.css HTTP/1.1" 200 144877
investment_bot | INFO 2023-07-28 02:40:31,111 "GET /static/chatbot/js/questionnaire.js HTTP/1.1" 200 6726
investment_bot | INFO 2023-07-28 02:40:31,111 "GET /static/chatbot/js/questionnaire.js HTTP/1.1" 200 6726
investment_bot | INFO 2023-07-28 02:40:31,112 "GET /static/libs/d3.min.js HTTP/1.1" 200 236746
investment_bot | INFO 2023-07-28 02:40:31,112 "GET /static/libs/d3.min.js HTTP/1.1" 200 236746
investment_bot | INFO 2023-07-28 02:41:45,306 "POST /questionnaire/ HTTP/1.1" 200 78
investment_bot | INFO 2023-07-28 02:41:45,306 "POST /questionnaire/ HTTP/1.1" 200 78
investment_bot | WARNING 2023-07-28 02:41:52,820 Not Found: /^admin/chatbot/message/171/change/
investment_bot | WARNING 2023-07-28 02:41:52,820 Not Found: /^admin/chatbot/message/171/change/
investment_bot | WARNING 2023-07-28 02:41:52,820 Not Found: /^admin/chatbot/message/171/change/
investment_bot | WARNING 2023-07-28 02:41:52,820 "GET /%5Eadmin/chatbot/message/171/change/ HTTP/1.1" 404 5564
investment_bot | WARNING 2023-07-28 02:41:52,820 "GET /%5Eadmin/chatbot/message/171/change/ HTTP/1.1" 404 5564
investment_bot | WARNING 2023-07-28 02:42:04,963 Not Found: /^admin/
investment_bot | WARNING 2023-07-28 02:42:04,963 Not Found: /^admin/
investment_bot | WARNING 2023-07-28 02:42:04,963 Not Found: /^admin/
investment_bot | WARNING 2023-07-28 02:42:04,965 "GET /%5Eadmin/ HTTP/1.1" 404 5483
investment_bot | WARNING 2023-07-28 02:42:04,965 "GET /%5Eadmin/ HTTP/1.1" 404 5483
investment_bot | WARNING 2023-07-28 02:42:07,615 Not Found: /^admin/
investment_bot | WARNING 2023-07-28 02:42:07,615 Not Found: /^admin/
investment_bot | WARNING 2023-07-28 02:42:07,615 Not Found: /^admin/
investment_bot | WARNING 2023-07-28 02:42:07,617 "GET /%5Eadmin/ HTTP/1.1" 404 5483
investment_bot | WARNING 2023-07-28 02:42:07,617 "GET /%5Eadmin/ HTTP/1.1" 404 5483
investment_bot | INFO 2023-07-28 02:42:11,859 "GET /admin/ HTTP/1.1" 200 12482
investment_bot | INFO 2023-07-28 02:42:11,859 "GET /admin/ HTTP/1.1" 200 12482
investment_bot | INFO 2023-07-28 02:42:16,019 "GET /admin/chatbot/newsfeedbuttonclick/ HTTP/1.1" 200 12779
investment_bot | INFO 2023-07-28 02:42:16,019 "GET /admin/chatbot/newsfeedbuttonclick/ HTTP/1.1" 200 12779
investment_bot | INFO 2023-07-28 02:42:16,051 "GET /admin/jsi18n/ HTTP/1.1" 200 5755
investment_bot | INFO 2023-07-28 02:42:16,051 "GET /admin/jsi18n/ HTTP/1.1" 200 5755
investment_bot | INFO 2023-07-28 02:42:17,331 "GET /admin/chatbot/newsfeedbuttonclick/1/change/ HTTP/1.1" 200 14283
investment_bot | INFO 2023-07-28 02:42:17,331 "GET /admin/chatbot/newsfeedbuttonclick/1/change/ HTTP/1.1" 200 14283
investment_bot | INFO 2023-07-28 02:42:17,357 "GET /admin/jsi18n/ HTTP/1.1" 200 5755
investment_bot | INFO 2023-07-28 02:42:17,357 "GET /admin/jsi18n/ HTTP/1.1" 200 5755
investment_bot | INFO 2023-07-28 02:42:17,370 "GET /static/admin/img/icon-viewlink.svg HTTP/1.1" 200 581
investment_bot | INFO 2023-07-28 02:42:17,370 "GET /static/admin/img/icon-viewlink.svg HTTP/1.1" 200 581
investment_bot | INFO 2023-07-28 02:42:22,905 "GET /admin/chatbot/botbuttonclick/ HTTP/1.1" 200 12724
investment_bot | INFO 2023-07-28 02:42:22,905 "GET /admin/chatbot/botbuttonclick/ HTTP/1.1" 200 12724
investment_bot | INFO 2023-07-28 02:42:22,925 "GET /admin/jsi18n/ HTTP/1.1" 200 5755
investment_bot | INFO 2023-07-28 02:42:22,925 "GET /admin/jsi18n/ HTTP/1.1" 200 5755
investment_bot | INFO 2023-07-28 02:42:25,006 "GET /admin/chatbot/botbuttonclick/1/change/ HTTP/1.1" 200 14228
investment_bot | INFO 2023-07-28 02:42:25,006 "GET /admin/chatbot/botbuttonclick/1/change/ HTTP/1.1" 200 14228
investment_bot | INFO 2023-07-28 02:42:25,032 "GET /admin/jsi18n/ HTTP/1.1" 200 5755
investment_bot | INFO 2023-07-28 02:42:25,032 "GET /admin/jsi18n/ HTTP/1.1" 200 5755
investment_bot | INFO 2023-07-28 09:56:44,206 "user": "2", "view": "image_task", "GET": {}
investment_bot | INFO 2023-07-28 09:56:44,206 "user": "2", "view": "image_task", "GET": {}
investment_bot | INFO 2023-07-28 09:56:44,209 "GET /getconditionactive/ HTTP/1.1" 200 26
investment_bot | INFO 2023-07-28 09:56:44,209 "GET /getconditionactive/ HTTP/1.1" 200 26
investment_bot | INFO 2023-07-28 09:56:44,216 "GET /imagetagging/image-task/ HTTP/1.1" 200 153
investment_bot | INFO 2023-07-28 09:56:44,216 "GET /imagetagging/image-task/ HTTP/1.1" 200 153
investment_bot | INFO 2023-07-28 09:56:54,132 "GET /investment/ HTTP/1.1" 200 22029
investment_bot | INFO 2023-07-28 09:56:54,132 "GET /investment/ HTTP/1.1" 200 22029
investment_bot | INFO 2023-07-28 09:56:54,147 "GET /static/chatbot/css/style.css HTTP/1.1" 304 0
investment_bot | INFO 2023-07-28 09:56:54,147 "GET /static/chatbot/css/style.css HTTP/1.1" 304 0
investment_bot | INFO 2023-07-28 09:56:54,147 "GET /static/chatbot/js/chatbot.js HTTP/1.1" 304 0
investment_bot | INFO 2023-07-28 09:56:54,147 "GET /static/chatbot/js/chatbot.js HTTP/1.1" 304 0
investment_bot | INFO 2023-07-28 09:56:54,158 "GET /static/imagetagging/js/imagetagging.js HTTP/1.1" 304 0
investment_bot | INFO 2023-07-28 09:56:54,158 "GET /static/imagetagging/js/imagetagging.js HTTP/1.1" 304 0
investment_bot | INFO 2023-07-28 09:56:54,159 "GET /static/chatbot/js/chat.js HTTP/1.1" 304 0
investment_bot | INFO 2023-07-28 09:56:54,159 "GET /static/chatbot/js/chat.js HTTP/1.1" 304 0
investment_bot | INFO 2023-07-28 09:56:54,174 "user": "2", "view": "image_task", "GET": {}
investment_bot | INFO 2023-07-28 09:56:54,174 "user": "2", "view": "image_task", "GET": {}
investment_bot | INFO 2023-07-28 09:56:54,175 "GET /getconditionactive/ HTTP/1.1" 200 26
investment_bot | INFO 2023-07-28 09:56:54,175 "GET /getconditionactive/ HTTP/1.1" 200 26
investment_bot | INFO 2023-07-28 09:56:54,181 "GET /imagetagging/image-task/ HTTP/1.1" 200 153
investment_bot | INFO 2023-07-28 09:56:54,181 "GET /imagetagging/image-task/ HTTP/1.1" 200 153
investment_bot | INFO 2023-07-28 09:57:04,667 "POST /chatbotproxy/ HTTP/1.1" 200 336
investment_bot | INFO 2023-07-28 09:57:04,667 "POST /chatbotproxy/ HTTP/1.1" 200 336
investment_bot | INFO 2023-07-28 09:57:06,943 "POST /storebotmessage/ HTTP/1.1" 200 0
investment_bot | INFO 2023-07-28 09:57:06,943 "POST /storebotmessage/ HTTP/1.1" 200 0
investment_bot | INFO 2023-07-28 09:57:06,957 "GET /updatebalances/ HTTP/1.1" 200 75
investment_bot | INFO 2023-07-28 09:57:06,957 "GET /updatebalances/ HTTP/1.1" 200 75
investment_bot | INFO 2023-07-28 09:57:06,968 "GET /investment/ HTTP/1.1" 200 22034
investment_bot | INFO 2023-07-28 09:57:06,968 "GET /investment/ HTTP/1.1" 200 22034
investment_bot | INFO 2023-07-28 09:57:10,986 "POST /chatbotproxy/ HTTP/1.1" 200 231
investment_bot | INFO 2023-07-28 09:57:10,986 "POST /chatbotproxy/ HTTP/1.1" 200 231
investment_bot | INFO 2023-07-28 09:57:11,187 "GET /getnextchanges/ HTTP/1.1" 200 810
investment_bot | INFO 2023-07-28 09:57:11,187 "GET /getnextchanges/ HTTP/1.1" 200 810
investment_bot | INFO 2023-07-28 09:57:12,234 "POST /storebotmessage/ HTTP/1.1" 200 0
investment_bot | INFO 2023-07-28 09:57:12,234 "POST /storebotmessage/ HTTP/1.1" 200 0
investment_bot | INFO 2023-07-28 09:57:12,235 "GET /updatebalances/ HTTP/1.1" 200 75
investment_bot | INFO 2023-07-28 09:57:12,235 "GET /updatebalances/ HTTP/1.1" 200 75
investment_bot | INFO 2023-07-28 09:57:12,240 "GET /investment/ HTTP/1.1" 200 22034
investment_bot | INFO 2023-07-28 09:57:12,240 "GET /investment/ HTTP/1.1" 200 22034
investment_bot | INFO 2023-07-28 09:57:12,842 "POST /chatbotproxy/ HTTP/1.1" 200 328
investment_bot | INFO 2023-07-28 09:57:12,842 "POST /chatbotproxy/ HTTP/1.1" 200 328
investment_bot | INFO 2023-07-28 09:57:14,756 "POST /storebotmessage/ HTTP/1.1" 200 0
investment_bot | INFO 2023-07-28 09:57:14,756 "POST /storebotmessage/ HTTP/1.1" 200 0
investment_bot | INFO 2023-07-28 09:57:14,764 "GET /updatebalances/ HTTP/1.1" 200 75
investment_bot | INFO 2023-07-28 09:57:14,764 "GET /updatebalances/ HTTP/1.1" 200 75
investment_bot | INFO 2023-07-28 09:57:14,771 "GET /investment/ HTTP/1.1" 200 22030
investment_bot | INFO 2023-07-28 09:57:14,771 "GET /investment/ HTTP/1.1" 200 22030
investment_bot | INFO 2023-07-28 09:57:21,557 "POST /chatbotproxy/ HTTP/1.1" 200 333
investment_bot | INFO 2023-07-28 09:57:21,557 "POST /chatbotproxy/ HTTP/1.1" 200 333
investment_bot | INFO 2023-07-28 09:57:23,702 "POST /storebotmessage/ HTTP/1.1" 200 0
investment_bot | INFO 2023-07-28 09:57:23,702 "POST /storebotmessage/ HTTP/1.1" 200 0
investment_bot | INFO 2023-07-28 09:57:23,710 "GET /updatebalances/ HTTP/1.1" 200 75
investment_bot | INFO 2023-07-28 09:57:23,710 "GET /updatebalances/ HTTP/1.1" 200 75
investment_bot | INFO 2023-07-28 09:57:23,720 "GET /investment/ HTTP/1.1" 200 22030
investment_bot | INFO 2023-07-28 09:57:23,720 "GET /investment/ HTTP/1.1" 200 22030
investment_bot | INFO 2023-07-28 09:57:28,445 "POST /chatbotproxy/ HTTP/1.1" 200 372
investment_bot | INFO 2023-07-28 09:57:28,445 "POST /chatbotproxy/ HTTP/1.1" 200 372
investment_bot | INFO 2023-07-28 09:57:32,208 "GET /getnextchanges/ HTTP/1.1" 200 810
investment_bot | INFO 2023-07-28 09:57:32,208 "GET /getnextchanges/ HTTP/1.1" 200 810
investment_bot | INFO 2023-07-28 09:57:32,350 "POST /storebotmessage/ HTTP/1.1" 200 0
investment_bot | INFO 2023-07-28 09:57:32,350 "POST /storebotmessage/ HTTP/1.1" 200 0
investment_bot | INFO 2023-07-28 09:57:32,360 "GET /updatebalances/ HTTP/1.1" 200 75
investment_bot | INFO 2023-07-28 09:57:32,360 "GET /updatebalances/ HTTP/1.1" 200 75
investment_bot | INFO 2023-07-28 09:57:32,371 "GET /investment/ HTTP/1.1" 200 22030
investment_bot | INFO 2023-07-28 09:57:32,371 "GET /investment/ HTTP/1.1" 200 22030
investment_bot | INFO 2023-07-28 09:57:40,012 "POST /chatbotproxy/ HTTP/1.1" 200 364
investment_bot | INFO 2023-07-28 09:57:40,012 "POST /chatbotproxy/ HTTP/1.1" 200 364
investment_bot | INFO 2023-07-28 09:57:43,554 "POST /storebotmessage/ HTTP/1.1" 200 0
investment_bot | INFO 2023-07-28 09:57:43,554 "POST /storebotmessage/ HTTP/1.1" 200 0
investment_bot | INFO 2023-07-28 09:57:43,562 "GET /updatebalances/ HTTP/1.1" 200 75
investment_bot | INFO 2023-07-28 09:57:43,562 "GET /updatebalances/ HTTP/1.1" 200 75
investment_bot | INFO 2023-07-28 09:57:43,575 "GET /investment/ HTTP/1.1" 200 22030
investment_bot | INFO 2023-07-28 09:57:43,575 "GET /investment/ HTTP/1.1" 200 22030
investment_bot | INFO 2023-07-28 09:57:50,236 "GET /getnextchanges/ HTTP/1.1" 200 810
investment_bot | INFO 2023-07-28 09:57:50,236 "GET /getnextchanges/ HTTP/1.1" 200 810
investment_bot | INFO 2023-07-28 09:58:10,264 "GET /getnextchanges/ HTTP/1.1" 200 810
investment_bot | INFO 2023-07-28 09:58:10,264 "GET /getnextchanges/ HTTP/1.1" 200 810
investment_bot | INFO 2023-07-28 09:58:26,292 "GET /getnextchanges/ HTTP/1.1" 200 810
investment_bot | INFO 2023-07-28 09:58:26,292 "GET /getnextchanges/ HTTP/1.1" 200 810
investment_bot | INFO 2023-07-28 09:58:29,321 "POST /chatbotproxy/ HTTP/1.1" 200 268
investment_bot | INFO 2023-07-28 09:58:29,321 "POST /chatbotproxy/ HTTP/1.1" 200 268
investment_bot | INFO 2023-07-28 09:58:34,390 "POST /storebotmessage/ HTTP/1.1" 200 0
investment_bot | INFO 2023-07-28 09:58:34,390 "POST /storebotmessage/ HTTP/1.1" 200 0
investment_bot | INFO 2023-07-28 09:58:34,403 "GET /updatebalances/ HTTP/1.1" 200 75
investment_bot | INFO 2023-07-28 09:58:34,403 "GET /updatebalances/ HTTP/1.1" 200 75
investment_bot | INFO 2023-07-28 09:58:34,413 "GET /investment/ HTTP/1.1" 200 22030
investment_bot | INFO 2023-07-28 09:58:34,413 "GET /investment/ HTTP/1.1" 200 22030
investment_bot | INFO 2023-07-28 09:58:43,335 "POST /chatbotproxy/ HTTP/1.1" 200 332
investment_bot | INFO 2023-07-28 09:58:43,335 "POST /chatbotproxy/ HTTP/1.1" 200 332
investment_bot | INFO 2023-07-28 09:58:45,427 "POST /storebotmessage/ HTTP/1.1" 200 0
investment_bot | INFO 2023-07-28 09:58:45,427 "POST /storebotmessage/ HTTP/1.1" 200 0
investment_bot | INFO 2023-07-28 09:58:45,432 "GET /updatebalances/ HTTP/1.1" 200 75
investment_bot | INFO 2023-07-28 09:58:45,432 "GET /updatebalances/ HTTP/1.1" 200 75
investment_bot | INFO 2023-07-28 09:58:45,442 "GET /investment/ HTTP/1.1" 200 22034
investment_bot | INFO 2023-07-28 09:58:45,442 "GET /investment/ HTTP/1.1" 200 22034
investment_bot | INFO 2023-07-28 09:58:49,313 "GET /getnextchanges/ HTTP/1.1" 200 810
investment_bot | INFO 2023-07-28 09:58:49,313 "GET /getnextchanges/ HTTP/1.1" 200 810
investment_bot | INFO 2023-07-28 09:58:58,047 "POST /chatbotproxy/ HTTP/1.1" 200 250
investment_bot | INFO 2023-07-28 09:58:58,047 "POST /chatbotproxy/ HTTP/1.1" 200 250
investment_bot | INFO 2023-07-28 09:59:02,304 "POST /storebotmessage/ HTTP/1.1" 200 0
investment_bot | INFO 2023-07-28 09:59:02,304 "POST /storebotmessage/ HTTP/1.1" 200 0
investment_bot | INFO 2023-07-28 09:59:02,312 "GET /updatebalances/ HTTP/1.1" 200 75
investment_bot | INFO 2023-07-28 09:59:02,312 "GET /updatebalances/ HTTP/1.1" 200 75
investment_bot | INFO 2023-07-28 09:59:02,321 "GET /investment/ HTTP/1.1" 200 22034
investment_bot | INFO 2023-07-28 09:59:02,321 "GET /investment/ HTTP/1.1" 200 22034
investment_bot | INFO 2023-07-28 09:59:16,296 "GET /getnextchanges/ HTTP/1.1" 200 810
investment_bot | INFO 2023-07-28 09:59:16,296 "GET /getnextchanges/ HTTP/1.1" 200 810
investment_bot | INFO 2023-07-28 09:59:42,286 "GET /getnextchanges/ HTTP/1.1" 200 810
investment_bot | INFO 2023-07-28 09:59:42,286 "GET /getnextchanges/ HTTP/1.1" 200 810
investment_bot | INFO 2023-07-28 09:59:48,393 "POST /chatbotproxy/ HTTP/1.1" 200 250
investment_bot | INFO 2023-07-28 09:59:48,393 "POST /chatbotproxy/ HTTP/1.1" 200 250
investment_bot | INFO 2023-07-28 09:59:53,303 "POST /storebotmessage/ HTTP/1.1" 200 0
investment_bot | INFO 2023-07-28 09:59:53,303 "POST /storebotmessage/ HTTP/1.1" 200 0
investment_bot | INFO 2023-07-28 09:59:53,303 "GET /updatebalances/ HTTP/1.1" 200 75
investment_bot | INFO 2023-07-28 09:59:53,303 "GET /updatebalances/ HTTP/1.1" 200 75
investment_bot | INFO 2023-07-28 09:59:53,313 "GET /investment/ HTTP/1.1" 200 22034
investment_bot | INFO 2023-07-28 09:59:53,313 "GET /investment/ HTTP/1.1" 200 22034
investment_bot | INFO 2023-07-28 10:00:09,287 "GET /getnextchanges/ HTTP/1.1" 200 810
investment_bot | INFO 2023-07-28 10:00:09,287 "GET /getnextchanges/ HTTP/1.1" 200 810
investment_bot | INFO 2023-07-28 10:00:30,313 "GET /getnextchanges/ HTTP/1.1" 200 810
investment_bot | INFO 2023-07-28 10:00:30,313 "GET /getnextchanges/ HTTP/1.1" 200 810
investment_bot | INFO 2023-07-28 10:01:02,329 "GET /updateportfolios/ HTTP/1.1" 200 75
investment_bot | INFO 2023-07-28 10:01:02,329 "GET /updateportfolios/ HTTP/1.1" 200 75
investment_bot | INFO 2023-07-28 10:01:02,344 "POST /updateresults/ HTTP/1.1" 200 0
investment_bot | INFO 2023-07-28 10:01:02,344 "POST /updateresults/ HTTP/1.1" 200 0
investment_bot | INFO 2023-07-28 10:01:02,354 "GET /updatemonth/ HTTP/1.1" 200 24
investment_bot | INFO 2023-07-28 10:01:02,354 "GET /updatemonth/ HTTP/1.1" 200 24
investment_bot | INFO 2023-07-28 10:01:02,356 "GET /investment/ HTTP/1.1" 200 22035
investment_bot | INFO 2023-07-28 10:01:02,356 "GET /investment/ HTTP/1.1" 200 22035
investment_bot | INFO 2023-07-28 10:01:02,371 "GET /results/ HTTP/1.1" 200 5674
investment_bot | INFO 2023-07-28 10:01:02,371 "GET /results/ HTTP/1.1" 200 5674
investment_bot | INFO 2023-07-28 11:17:56,523 "GET /admin/chatbot/ HTTP/1.1" 200 10039
investment_bot | INFO 2023-07-28 11:17:56,523 "GET /admin/chatbot/ HTTP/1.1" 200 10039
investment_bot | INFO 2023-07-28 11:17:56,557 "GET /static/admin/css/dashboard.css HTTP/1.1" 304 0
investment_bot | INFO 2023-07-28 11:17:56,557 "GET /static/admin/css/dashboard.css HTTP/1.1" 304 0
investment_bot | INFO 2023-07-28 11:17:56,564 "GET /static/admin/img/icon-addlink.svg HTTP/1.1" 304 0
investment_bot | INFO 2023-07-28 11:17:56,564 "GET /static/admin/img/icon-addlink.svg HTTP/1.1" 304 0
investment_bot | INFO 2023-07-28 11:17:56,565 "GET /static/admin/img/icon-changelink.svg HTTP/1.1" 304 0
investment_bot | INFO 2023-07-28 11:17:56,565 "GET /static/admin/img/icon-changelink.svg HTTP/1.1" 304 0
investment_bot | INFO 2023-07-28 17:02:36,408 "GET /static/chatbot/images/typing.svg HTTP/1.1" 200 1510
investment_bot | INFO 2023-07-28 17:02:36,408 "GET /static/chatbot/images/typing.svg HTTP/1.1" 200 1510
investment_bot | INFO 2023-07-28 17:02:36,415 "GET /static/chatbot/css/style.css HTTP/1.1" 304 0
investment_bot | INFO 2023-07-28 17:02:36,415 "GET /static/chatbot/css/style.css HTTP/1.1" 304 0
investment_bot | INFO 2023-07-28 17:02:47,591 "GET /?PROLIFIC_PID=TEST HTTP/1.1" 200 2529
investment_bot | INFO 2023-07-28 17:02:47,591 "GET /?PROLIFIC_PID=TEST HTTP/1.1" 200 2529
investment_bot | INFO 2023-07-28 17:02:47,615 "GET /static/chatbot/js/welcome.js HTTP/1.1" 304 0
investment_bot | INFO 2023-07-28 17:02:47,615 "GET /static/chatbot/js/welcome.js HTTP/1.1" 304 0
investment_bot | INFO 2023-07-28 17:02:49,438 "POST /participants/ HTTP/1.1" 200 335
investment_bot | INFO 2023-07-28 17:02:49,438 "POST /participants/ HTTP/1.1" 200 335
investment_bot | INFO 2023-07-28 17:02:49,459 "GET /information/ HTTP/1.1" 200 7061
investment_bot | INFO 2023-07-28 17:02:49,459 "GET /information/ HTTP/1.1" 200 7061
investment_bot | INFO 2023-07-28 17:02:51,331 "GET /getnextchanges/ HTTP/1.1" 200 808
investment_bot | INFO 2023-07-28 17:02:51,331 "GET /getnextchanges/ HTTP/1.1" 200 808
investment_bot | INFO 2023-07-28 17:02:54,453 "GET /consent/ HTTP/1.1" 200 6460
investment_bot | INFO 2023-07-28 17:02:54,453 "GET /consent/ HTTP/1.1" 200 6460
investment_bot | INFO 2023-07-28 17:03:08,330 "GET /getnextchanges/ HTTP/1.1" 200 808
investment_bot | INFO 2023-07-28 17:03:08,330 "GET /getnextchanges/ HTTP/1.1" 200 808
investment_bot | INFO 2023-07-28 17:03:21,542 "POST /chatbotproxy/ HTTP/1.1" 200 254
investment_bot | INFO 2023-07-28 17:03:21,542 "POST /chatbotproxy/ HTTP/1.1" 200 254
investment_bot | INFO 2023-07-28 17:03:26,334 "POST /storebotmessage/ HTTP/1.1" 200 0
investment_bot | INFO 2023-07-28 17:03:26,334 "POST /storebotmessage/ HTTP/1.1" 200 0
investment_bot | INFO 2023-07-28 17:03:26,344 "GET /updatebalances/ HTTP/1.1" 200 74
investment_bot | INFO 2023-07-28 17:03:26,344 "GET /updatebalances/ HTTP/1.1" 200 74
investment_bot | INFO 2023-07-28 17:03:26,359 "GET /investment/ HTTP/1.1" 200 22039
investment_bot | INFO 2023-07-28 17:03:26,359 "GET /investment/ HTTP/1.1" 200 22039
investment_bot | INFO 2023-07-28 17:03:29,286 "GET /consent/ HTTP/1.1" 200 6463
investment_bot | INFO 2023-07-28 17:03:29,286 "GET /consent/ HTTP/1.1" 200 6463
investment_bot | INFO 2023-07-28 17:03:30,329 "GET /getnextchanges/ HTTP/1.1" 200 808
investment_bot | INFO 2023-07-28 17:03:30,329 "GET /getnextchanges/ HTTP/1.1" 200 808
investment_bot | INFO 2023-07-28 17:03:53,329 "GET /getnextchanges/ HTTP/1.1" 200 808
investment_bot | INFO 2023-07-28 17:03:53,329 "GET /getnextchanges/ HTTP/1.1" 200 808
investment_bot | INFO 2023-07-28 17:04:03,535 "GET /instructions/ HTTP/1.1" 200 3720
investment_bot | INFO 2023-07-28 17:04:03,535 "GET /instructions/ HTTP/1.1" 200 3720
investment_bot | INFO 2023-07-28 17:04:16,336 "GET /getnextchanges/ HTTP/1.1" 200 808
investment_bot | INFO 2023-07-28 17:04:16,336 "GET /getnextchanges/ HTTP/1.1" 200 808
investment_bot | INFO 2023-07-28 17:04:33,329 "GET /getnextchanges/ HTTP/1.1" 200 808
investment_bot | INFO 2023-07-28 17:04:33,329 "GET /getnextchanges/ HTTP/1.1" 200 808
investment_bot | INFO 2023-07-28 17:04:49,261 "GET /investment/ HTTP/1.1" 200 22039
investment_bot | INFO 2023-07-28 17:04:49,261 "GET /investment/ HTTP/1.1" 200 22039
investment_bot | INFO 2023-07-28 17:04:49,283 "GET /static/chatbot/js/chatbot.js HTTP/1.1" 304 0
investment_bot | INFO 2023-07-28 17:04:49,283 "GET /static/chatbot/js/chatbot.js HTTP/1.1" 304 0
investment_bot | INFO 2023-07-28 17:04:49,285 "GET /static/imagetagging/js/imagetagging.js HTTP/1.1" 304 0
investment_bot | INFO 2023-07-28 17:04:49,285 "GET /static/imagetagging/js/imagetagging.js HTTP/1.1" 304 0
investment_bot | INFO 2023-07-28 17:04:49,286 "GET /static/chatbot/js/chat.js HTTP/1.1" 304 0
investment_bot | INFO 2023-07-28 17:04:49,286 "GET /static/chatbot/js/chat.js HTTP/1.1" 304 0
investment_bot | INFO 2023-07-28 17:04:49,303 "GET /getconditionactive/ HTTP/1.1" 200 27
investment_bot | INFO 2023-07-28 17:04:49,303 "GET /getconditionactive/ HTTP/1.1" 200 27
investment_bot | INFO 2023-07-28 17:04:49,315 "user": "3", "view": "image_task", "GET": {}
investment_bot | INFO 2023-07-28 17:04:49,315 "user": "3", "view": "image_task", "GET": {}
investment_bot | INFO 2023-07-28 17:04:49,319 "GET /imagetagging/image-task/ HTTP/1.1" 200 153
investment_bot | INFO 2023-07-28 17:04:49,319 "GET /imagetagging/image-task/ HTTP/1.1" 200 153
investment_bot | INFO 2023-07-28 17:04:55,042 "POST /chatbotproxy/ HTTP/1.1" 200 166
investment_bot | INFO 2023-07-28 17:04:55,042 "POST /chatbotproxy/ HTTP/1.1" 200 166
investment_bot | INFO 2023-07-28 17:04:56,271 "POST /storebotmessage/ HTTP/1.1" 200 0
investment_bot | INFO 2023-07-28 17:04:56,271 "POST /storebotmessage/ HTTP/1.1" 200 0
investment_bot | INFO 2023-07-28 17:04:56,271 "GET /updatebalances/ HTTP/1.1" 200 74
investment_bot | INFO 2023-07-28 17:04:56,271 "GET /updatebalances/ HTTP/1.1" 200 74
investment_bot | INFO 2023-07-28 17:04:56,286 "GET /investment/ HTTP/1.1" 200 22039
investment_bot | INFO 2023-07-28 17:04:56,286 "GET /investment/ HTTP/1.1" 200 22039
investment_bot | INFO 2023-07-28 17:04:57,325 "GET /getnextchanges/ HTTP/1.1" 200 808
investment_bot | INFO 2023-07-28 17:04:57,325 "GET /getnextchanges/ HTTP/1.1" 200 808
investment_bot | INFO 2023-07-28 17:05:06,324 "GET /getnextchanges/ HTTP/1.1" 200 808
investment_bot | INFO 2023-07-28 17:05:06,324 "GET /getnextchanges/ HTTP/1.1" 200 808
investment_bot | INFO 2023-07-28 17:05:19,330 "GET /getnextchanges/ HTTP/1.1" 200 808
investment_bot | INFO 2023-07-28 17:05:19,330 "GET /getnextchanges/ HTTP/1.1" 200 808
investment_bot | INFO 2023-07-28 17:05:28,326 "GET /getnextchanges/ HTTP/1.1" 200 808
investment_bot | INFO 2023-07-28 17:05:28,326 "GET /getnextchanges/ HTTP/1.1" 200 808
investment_bot | INFO 2023-07-28 17:05:36,328 "GET /getnextchanges/ HTTP/1.1" 200 808
investment_bot | INFO 2023-07-28 17:05:36,328 "GET /getnextchanges/ HTTP/1.1" 200 808
investment_bot | INFO 2023-07-28 17:05:51,323 "GET /getnextchanges/ HTTP/1.1" 200 808
investment_bot | INFO 2023-07-28 17:05:51,323 "GET /getnextchanges/ HTTP/1.1" 200 808
investment_bot | INFO 2023-07-28 17:05:54,327 "GET /getnextchanges/ HTTP/1.1" 200 808
investment_bot | INFO 2023-07-28 17:05:54,327 "GET /getnextchanges/ HTTP/1.1" 200 808
investment_bot | INFO 2023-07-28 17:06:11,324 "GET /getnextchanges/ HTTP/1.1" 200 808
investment_bot | INFO 2023-07-28 17:06:11,324 "GET /getnextchanges/ HTTP/1.1" 200 808
investment_bot | INFO 2023-07-28 17:06:36,329 "GET /getnextchanges/ HTTP/1.1" 200 808
investment_bot | INFO 2023-07-28 17:06:36,329 "GET /getnextchanges/ HTTP/1.1" 200 808
investment_bot | INFO 2023-07-28 17:07:02,319 "GET /getnextchanges/ HTTP/1.1" 200 808
investment_bot | INFO 2023-07-28 17:07:02,319 "GET /getnextchanges/ HTTP/1.1" 200 808
investment_bot | INFO 2023-07-28 17:07:22,321 "GET /getnextchanges/ HTTP/1.1" 200 808
investment_bot | INFO 2023-07-28 17:07:22,321 "GET /getnextchanges/ HTTP/1.1" 200 808
investment_bot | INFO 2023-07-28 17:07:48,329 "GET /getnextchanges/ HTTP/1.1" 200 808
investment_bot | INFO 2023-07-28 17:07:48,329 "GET /getnextchanges/ HTTP/1.1" 200 808
investment_bot | INFO 2023-07-28 17:08:11,330 "GET /getnextchanges/ HTTP/1.1" 200 808
investment_bot | INFO 2023-07-28 17:08:11,330 "GET /getnextchanges/ HTTP/1.1" 200 808
investment_bot | INFO 2023-07-28 17:08:18,967 "POST /botbuttonclick/ HTTP/1.1" 200 25
investment_bot | INFO 2023-07-28 17:08:18,967 "POST /botbuttonclick/ HTTP/1.1" 200 25
investment_bot | INFO 2023-07-28 17:08:27,483 "POST /chatbotproxy/ HTTP/1.1" 200 246
investment_bot | INFO 2023-07-28 17:08:27,483 "POST /chatbotproxy/ HTTP/1.1" 200 246
investment_bot | INFO 2023-07-28 17:08:32,331 "GET /updatebalances/ HTTP/1.1" 200 74
investment_bot | INFO 2023-07-28 17:08:32,331 "GET /updatebalances/ HTTP/1.1" 200 74
investment_bot | INFO 2023-07-28 17:08:32,333 "POST /storebotmessage/ HTTP/1.1" 200 0
investment_bot | INFO 2023-07-28 17:08:32,333 "POST /storebotmessage/ HTTP/1.1" 200 0
investment_bot | INFO 2023-07-28 17:08:32,339 "GET /investment/ HTTP/1.1" 200 22039
investment_bot | INFO 2023-07-28 17:08:32,339 "GET /investment/ HTTP/1.1" 200 22039
investment_bot | INFO 2023-07-28 17:08:35,331 "GET /getnextchanges/ HTTP/1.1" 200 808
investment_bot | INFO 2023-07-28 17:08:35,331 "GET /getnextchanges/ HTTP/1.1" 200 808
investment_bot | INFO 2023-07-28 17:20:03,432 "GET /consent/ HTTP/1.1" 200 6602
investment_bot | INFO 2023-07-28 17:20:03,432 "GET /consent/ HTTP/1.1" 200 6602
investment_bot | INFO 2023-07-28 17:20:30,894 "GET /consent/ HTTP/1.1" 200 6612
investment_bot | INFO 2023-07-28 17:20:30,894 "GET /consent/ HTTP/1.1" 200 6612
investment_bot | INFO 2023-07-28 17:21:48,446 "GET /consent/ HTTP/1.1" 200 6612
investment_bot | INFO 2023-07-28 17:21:48,446 "GET /consent/ HTTP/1.1" 200 6612
investment_bot | INFO 2023-07-28 17:21:53,059 "GET /consent/ HTTP/1.1" 200 6611
investment_bot | INFO 2023-07-28 17:21:53,059 "GET /consent/ HTTP/1.1" 200 6611
